This is pdfTeX, Version 3.141592653-2.6-1.40.29 (MiKTeX 26.5) (preloaded format=pdflatex 2026.6.21)  7 JUL 2026 19:44
entering extended mode
 restricted \write18 enabled.
 file:line:error style messages enabled.
 %&-line parsing enabled.
**d:/UTH_nam2_hk-II/CNPM/Nhom2/cong_nghe_phan_mem/SWP_reports/main.tex
(d:/UTH_nam2_hk-II/CNPM/Nhom2/cong_nghe_phan_mem/SWP_reports/main.tex
LaTeX2e <2026-06-01>
L3 programming layer <2026-05-26>
(C:\Program Files\MiKTeX\tex/latex/base\report.cls
Document Class: report 2025/01/22 v1.4n Standard LaTeX document class
(C:\Program Files\MiKTeX\tex/latex/base\size12.clo
File: size12.clo 2025/01/22 v1.4n Standard LaTeX file (size option)
)
\c@part=\count276
\c@chapter=\count277
\c@section=\count278
\c@subsection=\count279
\c@subsubsection=\count280
\c@paragraph=\count281
\c@subparagraph=\count282
\c@figure=\count283
\c@table=\count284
\abovecaptionskip=\skip49
\belowcaptionskip=\skip50
\bibindent=\dimen150
) (preamble.tex (C:\Program Files\MiKTeX\tex/latex/base\inputenc.sty
Package: inputenc 2024/02/08 v1.3d Input encoding file
\inpenc@prehook=\toks17
\inpenc@posthook=\toks18
) (C:\Program Files\MiKTeX\tex/latex/base\fontenc.sty
Package: fontenc 2025/07/18 v2.1d Standard LaTeX package
) (C:\Program Files\MiKTeX\tex/generic/babel\babel.sty
Package: babel 2026/05/20 v26.8 The multilingual framework for LuaLaTeX, pdfLaTeX and XeLaTeX
\babel@savecnt=\count285
LaTeX Encoding Info:    Redeclaring text command \ij (encoding OT1) on input line 2084.
LaTeX Encoding Info:    Redeclaring text command \IJ (encoding OT1) on input line 2086.
LaTeX Encoding Info:    Redeclaring text command \ij (encoding T1) on input line 2088.
LaTeX Encoding Info:    Redeclaring text command \IJ (encoding T1) on input line 2089.
LaTeX Encoding Info:    Ignoring declaration for text command \ij (encoding ?) on input line 2090.
LaTeX Encoding Info:    Ignoring declaration for text command \IJ (encoding ?) on input line 2092.
LaTeX Encoding Info:    Ignoring declaration for text command \SS (encoding ?) on input line 2117.
\U@D=\dimen151
\l@unhyphenated=\language79
 (C:\Program Files\MiKTeX\tex/generic/babel\txtbabel.def)
\bbl@readstream=\read2
\bbl@dirlevel=\count286
Package babel Info: Configuration files are deprecated, as
(babel)             they can break document portability.
(babel)             Reported on input line 4228.

*************************************
* Local config file bblopts.cfg used
*
(C:\Program Files\MiKTeX\tex/latex/arabi\bblopts.cfg
File: bblopts.cfg 2005/09/08 v0.1 add Arabic and Farsi to "declared" options of babel
) (C:\Program Files\MiKTeX\tex/generic/babel/locale/en\babel-english.tex)
Package babel Info: Importing font and identification data for english
(babel)             from babel-en.ini. Reported on input line 4356.
 (C:\Program Files\MiKTeX\tex/latex/babel-english\english.ldf
Language: english 2017/06/06 v3.3r English support from the babel system
Package babel Info: Hyphen rules for 'canadian' set to \l@english
(babel)             (\language0). Reported on input line 102.
Package babel Info: Hyphen rules for 'australian' set to \l@ukenglish
(babel)             (\language73). Reported on input line 105.
Package babel Info: Hyphen rules for 'newzealand' set to \l@ukenglish
(babel)             (\language73). Reported on input line 108.
)) (C:\Program Files\MiKTeX\tex/latex/geometry\geometry.sty
Package: geometry 2026/03/07 v6.0 Page Geometry
 (C:\Program Files\MiKTeX\tex/latex/graphics\keyval.sty
Package: keyval 2026-05-17 v1.15 key=value parser (DPC)
\KV@toks@=\toks19
) (C:\Program Files\MiKTeX\tex/generic/iftex\ifvtex.sty
Package: ifvtex 2019/10/25 v1.7 ifvtex legacy package. Use iftex instead.
 (C:\Program Files\MiKTeX\tex/generic/iftex\iftex.sty
Package: iftex 2024/12/12 v1.0g TeX engine tests
))
\Gm@cnth=\count287
\Gm@cntv=\count288
\c@Gm@tempcnt=\count289
\Gm@bindingoffset=\dimen152
\Gm@wd@mp=\dimen153
\Gm@odd@mp=\dimen154
\Gm@even@mp=\dimen155
\Gm@layoutwidth=\dimen156
\Gm@layoutheight=\dimen157
\Gm@layouthoffset=\dimen158
\Gm@layoutvoffset=\dimen159
\Gm@dimlist=\toks20
 (C:\Program Files\MiKTeX\tex/latex/geometry\geometry.cfg)) (C:\Program Files\MiKTeX\tex/latex/lm\lmodern.sty
Package: lmodern 2015/05/01 v1.6.1 Latin Modern Fonts
LaTeX Font Info:    Overwriting symbol font `operators' in version `normal'
(Font)                  OT1/cmr/m/n --> OT1/lmr/m/n on input line 22.
LaTeX Font Info:    Overwriting symbol font `letters' in version `normal'
(Font)                  OML/cmm/m/it --> OML/lmm/m/it on input line 23.
LaTeX Font Info:    Overwriting symbol font `symbols' in version `normal'
(Font)                  OMS/cmsy/m/n --> OMS/lmsy/m/n on input line 24.
LaTeX Font Info:    Overwriting symbol font `largesymbols' in version `normal'
(Font)                  OMX/cmex/m/n --> OMX/lmex/m/n on input line 25.
LaTeX Font Info:    Overwriting symbol font `operators' in version `bold'
(Font)                  OT1/cmr/bx/n --> OT1/lmr/bx/n on input line 26.
LaTeX Font Info:    Overwriting symbol font `letters' in version `bold'
(Font)                  OML/cmm/b/it --> OML/lmm/b/it on input line 27.
LaTeX Font Info:    Overwriting symbol font `symbols' in version `bold'
(Font)                  OMS/cmsy/b/n --> OMS/lmsy/b/n on input line 28.
LaTeX Font Info:    Overwriting symbol font `largesymbols' in version `bold'
(Font)                  OMX/cmex/m/n --> OMX/lmex/m/n on input line 29.
LaTeX Font Info:    Overwriting math alphabet `\mathbf' in version `normal'
(Font)                  OT1/cmr/bx/n --> OT1/lmr/bx/n on input line 31.
LaTeX Font Info:    Overwriting math alphabet `\mathsf' in version `normal'
(Font)                  OT1/cmss/m/n --> OT1/lmss/m/n on input line 32.
LaTeX Font Info:    Overwriting math alphabet `\mathit' in version `normal'
(Font)                  OT1/cmr/m/it --> OT1/lmr/m/it on input line 33.
LaTeX Font Info:    Overwriting math alphabet `\mathtt' in version `normal'
(Font)                  OT1/cmtt/m/n --> OT1/lmtt/m/n on input line 34.
LaTeX Font Info:    Overwriting math alphabet `\mathbf' in version `bold'
(Font)                  OT1/cmr/bx/n --> OT1/lmr/bx/n on input line 35.
LaTeX Font Info:    Overwriting math alphabet `\mathsf' in version `bold'
(Font)                  OT1/cmss/bx/n --> OT1/lmss/bx/n on input line 36.
LaTeX Font Info:    Overwriting math alphabet `\mathit' in version `bold'
(Font)                  OT1/cmr/bx/it --> OT1/lmr/bx/it on input line 37.
LaTeX Font Info:    Overwriting math alphabet `\mathtt' in version `bold'
(Font)                  OT1/cmtt/m/n --> OT1/lmtt/m/n on input line 38.
) (C:\Program Files\MiKTeX\tex/latex/graphics\graphicx.sty
Package: graphicx 2026-05-17 v1.2e Enhanced LaTeX Graphics (DPC,SPQR)
 (C:\Program Files\MiKTeX\tex/latex/graphics\graphics.sty
Package: graphics 2026-05-17 v1.4h Standard LaTeX Graphics (DPC,SPQR)
 (C:\Program Files\MiKTeX\tex/latex/graphics\trig.sty
Package: trig 2023/12/02 v1.11 sin cos tan (DPC)
) (C:\Program Files\MiKTeX\tex/latex/graphics-cfg\graphics.cfg
File: graphics.cfg 2016/06/04 v1.11 sample graphics configuration
)
Package graphics Info: Driver file: pdftex.def on input line 106.
 (C:\Program Files\MiKTeX\tex/latex/graphics-def\pdftex.def
File: pdftex.def 2025/09/29 v1.2d Graphics/color driver for pdftex
))
\Gin@req@height=\dimen160
\Gin@req@width=\dimen161
) (C:\Program Files\MiKTeX\tex/latex/float\float.sty
Package: float 2001/11/08 v1.3d Float enhancements (AL)
\c@float@type=\count290
\float@exts=\toks21
\float@box=\box53
\@float@everytoks=\toks22
\@floatcapt=\box54
) (C:\Program Files\MiKTeX\tex/latex/caption\subcaption.sty
Package: subcaption 2023/07/28 v1.6b Sub-captions (AR)
 (C:\Program Files\MiKTeX\tex/latex/caption\caption.sty
Package: caption 2023/08/05 v3.6o Customizing captions (AR)
 (C:\Program Files\MiKTeX\tex/latex/caption\caption3.sty
Package: caption3 2023/07/31 v2.4d caption3 kernel (AR)
\caption@tempdima=\dimen162
\captionmargin=\dimen163
\caption@leftmargin=\dimen164
\caption@rightmargin=\dimen165
\caption@width=\dimen166
\caption@indent=\dimen167
\caption@parindent=\dimen168
\caption@hangindent=\dimen169
Package caption Info: Standard document class detected.
)
\c@caption@flags=\count291
\c@continuedfloat=\count292
Package caption Info: float package is loaded.
)
Package caption Info: New subtype `subfigure' on input line 238.
\c@subfigure=\count293
Package caption Info: New subtype `subtable' on input line 238.
\c@subtable=\count294
) (C:\Program Files\MiKTeX\tex/latex/tools\array.sty
Package: array 2026/02/24 v2.7b Tabular extension package (FMi)
\col@sep=\dimen170
\ar@mcellbox=\box55
\extrarowheight=\dimen171
\NC@list=\toks23
\extratabsurround=\skip51
\backup@length=\skip52
\ar@cellbox=\box56
) (C:\Program Files\MiKTeX\tex/latex/booktabs\booktabs.sty
Package: booktabs 2020/01/12 v1.61803398 Publication quality tables
\heavyrulewidth=\dimen172
\lightrulewidth=\dimen173
\cmidrulewidth=\dimen174
\belowrulesep=\dimen175
\belowbottomsep=\dimen176
\aboverulesep=\dimen177
\abovetopsep=\dimen178
\cmidrulesep=\dimen179
\cmidrulekern=\dimen180
\defaultaddspace=\dimen181
\@cmidla=\count295
\@cmidlb=\count296
\@aboverulesep=\dimen182
\@belowrulesep=\dimen183
\@thisruleclass=\count297
\@lastruleclass=\count298
\@thisrulewidth=\dimen184
) (C:\Program Files\MiKTeX\tex/latex/tools\longtable.sty
Package: longtable 2026-01-28 v4.27 Multi-page Table package (DPC)
\LTleft=\skip53
\LTright=\skip54
\LTpre=\skip55
\LTpost=\skip56
\LTchunksize=\count299
\LTcapwidth=\dimen185
\LT@head=\box57
\LT@firsthead=\box58
\LT@foot=\box59
\LT@lastfoot=\box60
\LT@gbox=\box61
\LT@cols=\count300
\LT@rows=\count301
\c@LT@tables=\count302
\c@LT@chunks=\count303
\LT@p@ftn=\toks24
) (C:\Program Files\MiKTeX\tex/latex/multirow\multirow.sty
Package: multirow 2024/11/12 v2.9 Span multiple rows of a table
\multirow@colwidth=\skip57
\multirow@cntb=\count304
\multirow@dima=\skip58
\bigstrutjot=\dimen186
) (C:\Program Files\MiKTeX\tex/latex/tools\tabularx.sty
Package: tabularx 2023/12/11 v2.12a `tabularx' package (DPC)
\TX@col@width=\dimen187
\TX@old@table=\dimen188
\TX@old@col=\dimen189
\TX@target=\dimen190
\TX@delta=\dimen191
\TX@cols=\count305
\TX@ftn=\toks25
) (C:\Program Files\MiKTeX\tex/latex/xcolor\xcolor.sty
Package: xcolor 2024/09/29 v3.02 LaTeX color extensions (UK)
 (C:\Program Files\MiKTeX\tex/latex/graphics-cfg\color.cfg
File: color.cfg 2016/01/02 v1.6 sample color configuration
)
Package xcolor Info: Driver file: pdftex.def on input line 274.
 (C:\Program Files\MiKTeX\tex/latex/graphics\mathcolor.ltx)
Package xcolor Info: Model `cmy' substituted by `cmy0' on input line 1349.
Package xcolor Info: Model `hsb' substituted by `rgb' on input line 1353.
Package xcolor Info: Model `RGB' extended on input line 1365.
Package xcolor Info: Model `HTML' substituted by `rgb' on input line 1367.
Package xcolor Info: Model `Hsb' substituted by `hsb' on input line 1368.
Package xcolor Info: Model `tHsb' substituted by `hsb' on input line 1369.
Package xcolor Info: Model `HSB' substituted by `hsb' on input line 1370.
Package xcolor Info: Model `Gray' substituted by `gray' on input line 1371.
Package xcolor Info: Model `wave' substituted by `hsb' on input line 1372.
) (C:\Program Files\MiKTeX\tex/latex/colortbl\colortbl.sty
Package: colortbl 2026/05/01 v1.0l Color table columns (DPC)

new hooks used!!
\minrowclearance=\skip59
\rownum=\count306
) (C:\Program Files\MiKTeX\tex/latex/amsmath\amsmath.sty
Package: amsmath 2026/05/19 v2.18d AMS math features
\@mathmargin=\skip60

For additional information on amsmath, use the `?' option.
(C:\Program Files\MiKTeX\tex/latex/amsmath\amstext.sty
Package: amstext 2024/11/17 v2.01 AMS text
 (C:\Program Files\MiKTeX\tex/latex/amsmath\amsgen.sty
File: amsgen.sty 1999/11/30 v2.0 generic functions
\@emptytoks=\toks26
\ex@=\dimen192
)) (C:\Program Files\MiKTeX\tex/latex/amsmath\amsbsy.sty
Package: amsbsy 1999/11/29 v1.2d Bold Symbols
\pmbraise@=\dimen193
) (C:\Program Files\MiKTeX\tex/latex/amsmath\amsopn.sty
Package: amsopn 2022/04/08 v2.04 operator names
)
\inf@bad=\count307
LaTeX Info: Redefining \frac on input line 233.
\uproot@=\count308
\leftroot@=\count309
LaTeX Info: Redefining \overline on input line 398.
LaTeX Info: Redefining \colon on input line 409.
\classnum@=\count310
\DOTSCASE@=\count311
LaTeX Info: Redefining \ldots on input line 495.
LaTeX Info: Redefining \dots on input line 498.
LaTeX Info: Redefining \cdots on input line 619.
\Mathstrutbox@=\box62
\strutbox@=\box63
LaTeX Info: Redefining \big on input line 721.
LaTeX Info: Redefining \Big on input line 722.
LaTeX Info: Redefining \bigg on input line 723.
LaTeX Info: Redefining \Bigg on input line 724.
\big@size=\dimen194
LaTeX Font Info:    Redeclaring font encoding OML on input line 742.
LaTeX Font Info:    Redeclaring font encoding OMS on input line 743.
\macc@depth=\count312
LaTeX Info: Redefining \bmod on input line 904.
LaTeX Info: Redefining \pmod on input line 909.
LaTeX Info: Redefining \smash on input line 939.
LaTeX Info: Redefining \relbar on input line 969.
LaTeX Info: Redefining \Relbar on input line 970.
\c@MaxMatrixCols=\count313
\dotsspace@=\muskip17
\c@parentequation=\count314
\dspbrk@lvl=\count315
\tag@help=\toks27
\row@=\count316
\column@=\count317
\maxfields@=\count318
\andhelp@=\toks28
\eqnshift@=\dimen195
\alignsep@=\dimen196
\tagshift@=\dimen197
\tagwidth@=\dimen198
\totwidth@=\dimen199
\lineht@=\dimen256
\@envbody=\toks29
\multlinegap=\skip61
\multlinetaggap=\skip62
\mathdisplay@stack=\toks30
LaTeX Info: Redefining \[ on input line 2965.
LaTeX Info: Redefining \] on input line 2966.
) (C:\Program Files\MiKTeX\tex/latex/amsfonts\amssymb.sty
Package: amssymb 2013/01/14 v3.01 AMS font symbols
 (C:\Program Files\MiKTeX\tex/latex/amsfonts\amsfonts.sty
Package: amsfonts 2013/01/14 v3.01 Basic AMSFonts support
\symAMSa=\mathgroup4
\symAMSb=\mathgroup5
LaTeX Font Info:    Redeclaring math symbol \hbar on input line 98.
LaTeX Font Info:    Overwriting math alphabet `\mathfrak' in version `bold'
(Font)                  U/euf/m/n --> U/euf/b/n on input line 106.
)) (C:\Program Files\MiKTeX\tex/latex/psnfss\pifont.sty
Package: pifont 2020/03/25 PSNFSS-v9.3 Pi font support (SPQR) 
LaTeX Font Info:    Trying to load font information for U+pzd on input line 63.
 (C:\Program Files\MiKTeX\tex/latex/psnfss\upzd.fd
File: upzd.fd 2001/06/04 font definitions for U/pzd.
)
LaTeX Font Info:    Trying to load font information for U+psy on input line 64.
 (C:\Program Files\MiKTeX\tex/latex/psnfss\upsy.fd
File: upsy.fd 2001/06/04 font definitions for U/psy.
)) (C:\Program Files\MiKTeX\tex/latex/pgf/frontendlayer\tikz.sty (C:\Program Files\MiKTeX\tex/latex/pgf/basiclayer\pgf.sty (C:\Program Files\MiKTeX\tex/latex/pgf/utilities\pgfrcs.sty (C:\Program Files\MiKTeX\tex/generic/pgf/utilities\pgfutil-common.tex
\pgfutil@everybye=\toks31
\pgfutil@tempdima=\dimen257
\pgfutil@tempdimb=\dimen258
) (C:\Program Files\MiKTeX\tex/generic/pgf/utilities\pgfutil-latex.def
\pgfutil@abb=\box64
) (C:\Program Files\MiKTeX\tex/generic/pgf/utilities\pgfrcs.code.tex (C:\Program Files\MiKTeX\tex/generic/pgf\pgf.revision.tex)
Package: pgfrcs 2025-08-29 v3.1.11a (3.1.11a)
))
Package: pgf 2025-08-29 v3.1.11a (3.1.11a)
 (C:\Program Files\MiKTeX\tex/latex/pgf/basiclayer\pgfcore.sty (C:\Program Files\MiKTeX\tex/latex/pgf/systemlayer\pgfsys.sty (C:\Program Files\MiKTeX\tex/generic/pgf/systemlayer\pgfsys.code.tex
Package: pgfsys 2025-08-29 v3.1.11a (3.1.11a)
 (C:\Program Files\MiKTeX\tex/generic/pgf/utilities\pgfkeys.code.tex
\pgfkeys@pathtoks=\toks32
\pgfkeys@temptoks=\toks33
 (C:\Program Files\MiKTeX\tex/generic/pgf/utilities\pgfkeyslibraryfiltered.code.tex
\pgfkeys@tmptoks=\toks34
))
\pgf@x=\dimen259
\pgf@y=\dimen260
\pgf@xa=\dimen261
\pgf@ya=\dimen262
\pgf@xb=\dimen263
\pgf@yb=\dimen264
\pgf@xc=\dimen265
\pgf@yc=\dimen266
\pgf@xd=\dimen267
\pgf@yd=\dimen268
\w@pgf@writea=\write3
\r@pgf@reada=\read3
\c@pgf@counta=\count319
\c@pgf@countb=\count320
\c@pgf@countc=\count321
\c@pgf@countd=\count322
\t@pgf@toka=\toks35
\t@pgf@tokb=\toks36
\t@pgf@tokc=\toks37
\pgf@sys@id@count=\count323
 (C:\Program Files\MiKTeX\tex/generic/pgf/systemlayer\pgf.cfg
File: pgf.cfg 2025-08-29 v3.1.11a (3.1.11a)
)
Driver file for pgf: pgfsys-pdftex.def
 (C:\Program Files\MiKTeX\tex/generic/pgf/systemlayer\pgfsys-pdftex.def
File: pgfsys-pdftex.def 2025-08-29 v3.1.11a (3.1.11a)
 (C:\Program Files\MiKTeX\tex/generic/pgf/systemlayer\pgfsys-common-pdf.def
File: pgfsys-common-pdf.def 2025-08-29 v3.1.11a (3.1.11a)
))) (C:\Program Files\MiKTeX\tex/generic/pgf/systemlayer\pgfsyssoftpath.code.tex
File: pgfsyssoftpath.code.tex 2025-08-29 v3.1.11a (3.1.11a)
\pgfsyssoftpath@smallbuffer@items=\count324
\pgfsyssoftpath@bigbuffer@items=\count325
) (C:\Program Files\MiKTeX\tex/generic/pgf/systemlayer\pgfsysprotocol.code.tex
File: pgfsysprotocol.code.tex 2025-08-29 v3.1.11a (3.1.11a)
)) (C:\Program Files\MiKTeX\tex/generic/pgf/basiclayer\pgfcore.code.tex
Package: pgfcore 2025-08-29 v3.1.11a (3.1.11a)
 (C:\Program Files\MiKTeX\tex/generic/pgf/math\pgfmath.code.tex (C:\Program Files\MiKTeX\tex/generic/pgf/math\pgfmathutil.code.tex) (C:\Program Files\MiKTeX\tex/generic/pgf/math\pgfmathparser.code.tex
\pgfmath@dimen=\dimen269
\pgfmath@count=\count326
\pgfmath@box=\box65
\pgfmath@toks=\toks38
\pgfmath@stack@operand=\toks39
\pgfmath@stack@operation=\toks40
) (C:\Program Files\MiKTeX\tex/generic/pgf/math\pgfmathfunctions.code.tex) (C:\Program Files\MiKTeX\tex/generic/pgf/math\pgfmathfunctions.basic.code.tex) (C:\Program Files\MiKTeX\tex/generic/pgf/math\pgfmathfunctions.trigonometric.code.tex) (C:\Program Files\MiKTeX\tex/generic/pgf/math\pgfmathfunctions.random.code.tex) (C:\Program Files\MiKTeX\tex/generic/pgf/math\pgfmathfunctions.comparison.code.tex) (C:\Program Files\MiKTeX\tex/generic/pgf/math\pgfmathfunctions.base.code.tex) (C:\Program Files\MiKTeX\tex/generic/pgf/math\pgfmathfunctions.round.code.tex) (C:\Program Files\MiKTeX\tex/generic/pgf/math\pgfmathfunctions.misc.code.tex) (C:\Program Files\MiKTeX\tex/generic/pgf/math\pgfmathfunctions.integerarithmetics.code.tex) (C:\Program Files\MiKTeX\tex/generic/pgf/math\pgfmathcalc.code.tex) (C:\Program Files\MiKTeX\tex/generic/pgf/math\pgfmathfloat.code.tex
\c@pgfmathroundto@lastzeros=\count327
)) (C:\Program Files\MiKTeX\tex/generic/pgf/math\pgfint.code.tex) (C:\Program Files\MiKTeX\tex/generic/pgf/basiclayer\pgfcorepoints.code.tex
File: pgfcorepoints.code.tex 2025-08-29 v3.1.11a (3.1.11a)
\pgf@picminx=\dimen270
\pgf@picmaxx=\dimen271
\pgf@picminy=\dimen272
\pgf@picmaxy=\dimen273
\pgf@pathminx=\dimen274
\pgf@pathmaxx=\dimen275
\pgf@pathminy=\dimen276
\pgf@pathmaxy=\dimen277
\pgf@xx=\dimen278
\pgf@xy=\dimen279
\pgf@yx=\dimen280
\pgf@yy=\dimen281
\pgf@zx=\dimen282
\pgf@zy=\dimen283
) (C:\Program Files\MiKTeX\tex/generic/pgf/basiclayer\pgfcorepathconstruct.code.tex
File: pgfcorepathconstruct.code.tex 2025-08-29 v3.1.11a (3.1.11a)
\pgf@path@lastx=\dimen284
\pgf@path@lasty=\dimen285
) (C:\Program Files\MiKTeX\tex/generic/pgf/basiclayer\pgfcorepathusage.code.tex
File: pgfcorepathusage.code.tex 2025-08-29 v3.1.11a (3.1.11a)
\pgf@shorten@end@additional=\dimen286
\pgf@shorten@start@additional=\dimen287
) (C:\Program Files\MiKTeX\tex/generic/pgf/basiclayer\pgfcorescopes.code.tex
File: pgfcorescopes.code.tex 2025-08-29 v3.1.11a (3.1.11a)
\pgfpic=\box66
\pgf@hbox=\box67
\pgf@layerbox@main=\box68
\pgf@picture@serial@count=\count328
) (C:\Program Files\MiKTeX\tex/generic/pgf/basiclayer\pgfcoregraphicstate.code.tex
File: pgfcoregraphicstate.code.tex 2025-08-29 v3.1.11a (3.1.11a)
\pgflinewidth=\dimen288
) (C:\Program Files\MiKTeX\tex/generic/pgf/basiclayer\pgfcoretransformations.code.tex
File: pgfcoretransformations.code.tex 2025-08-29 v3.1.11a (3.1.11a)
\pgf@pt@x=\dimen289
\pgf@pt@y=\dimen290
\pgf@pt@temp=\dimen291
) (C:\Program Files\MiKTeX\tex/generic/pgf/basiclayer\pgfcorequick.code.tex
File: pgfcorequick.code.tex 2025-08-29 v3.1.11a (3.1.11a)
) (C:\Program Files\MiKTeX\tex/generic/pgf/basiclayer\pgfcoreobjects.code.tex
File: pgfcoreobjects.code.tex 2025-08-29 v3.1.11a (3.1.11a)
) (C:\Program Files\MiKTeX\tex/generic/pgf/basiclayer\pgfcorepathprocessing.code.tex
File: pgfcorepathprocessing.code.tex 2025-08-29 v3.1.11a (3.1.11a)
) (C:\Program Files\MiKTeX\tex/generic/pgf/basiclayer\pgfcorearrows.code.tex
File: pgfcorearrows.code.tex 2025-08-29 v3.1.11a (3.1.11a)
\pgfarrowsep=\dimen292
) (C:\Program Files\MiKTeX\tex/generic/pgf/basiclayer\pgfcoreshade.code.tex
File: pgfcoreshade.code.tex 2025-08-29 v3.1.11a (3.1.11a)
\pgf@max=\dimen293
\pgf@sys@shading@range@num=\count329
\pgf@shadingcount=\count330
) (C:\Program Files\MiKTeX\tex/generic/pgf/basiclayer\pgfcoreimage.code.tex
File: pgfcoreimage.code.tex 2025-08-29 v3.1.11a (3.1.11a)
) (C:\Program Files\MiKTeX\tex/generic/pgf/basiclayer\pgfcoreexternal.code.tex
File: pgfcoreexternal.code.tex 2025-08-29 v3.1.11a (3.1.11a)
\pgfexternal@startupbox=\box69
) (C:\Program Files\MiKTeX\tex/generic/pgf/basiclayer\pgfcorelayers.code.tex
File: pgfcorelayers.code.tex 2025-08-29 v3.1.11a (3.1.11a)
) (C:\Program Files\MiKTeX\tex/generic/pgf/basiclayer\pgfcoretransparency.code.tex
File: pgfcoretransparency.code.tex 2025-08-29 v3.1.11a (3.1.11a)
) (C:\Program Files\MiKTeX\tex/generic/pgf/basiclayer\pgfcorepatterns.code.tex
File: pgfcorepatterns.code.tex 2025-08-29 v3.1.11a (3.1.11a)
) (C:\Program Files\MiKTeX\tex/generic/pgf/basiclayer\pgfcorerdf.code.tex
File: pgfcorerdf.code.tex 2025-08-29 v3.1.11a (3.1.11a)
))) (C:\Program Files\MiKTeX\tex/generic/pgf/modules\pgfmoduleshapes.code.tex
File: pgfmoduleshapes.code.tex 2025-08-29 v3.1.11a (3.1.11a)
\pgfnodeparttextbox=\box70
) (C:\Program Files\MiKTeX\tex/generic/pgf/modules\pgfmoduleplot.code.tex
File: pgfmoduleplot.code.tex 2025-08-29 v3.1.11a (3.1.11a)
) (C:\Program Files\MiKTeX\tex/latex/pgf/compatibility\pgfcomp-version-0-65.sty
Package: pgfcomp-version-0-65 2025-08-29 v3.1.11a (3.1.11a)
\pgf@nodesepstart=\dimen294
\pgf@nodesepend=\dimen295
) (C:\Program Files\MiKTeX\tex/latex/pgf/compatibility\pgfcomp-version-1-18.sty
Package: pgfcomp-version-1-18 2025-08-29 v3.1.11a (3.1.11a)
)) (C:\Program Files\MiKTeX\tex/latex/pgf/utilities\pgffor.sty (C:\Program Files\MiKTeX\tex/latex/pgf/utilities\pgfkeys.sty (C:\Program Files\MiKTeX\tex/generic/pgf/utilities\pgfkeys.code.tex)) (C:\Program Files\MiKTeX\tex/latex/pgf/math\pgfmath.sty (C:\Program Files\MiKTeX\tex/generic/pgf/math\pgfmath.code.tex)) (C:\Program Files\MiKTeX\tex/generic/pgf/utilities\pgffor.code.tex
Package: pgffor 2025-08-29 v3.1.11a (3.1.11a)
\pgffor@iter=\dimen296
\pgffor@skip=\dimen297
\pgffor@stack=\toks41
\pgffor@toks=\toks42
)) (C:\Program Files\MiKTeX\tex/generic/pgf/frontendlayer/tikz\tikz.code.tex
Package: tikz 2025-08-29 v3.1.11a (3.1.11a)
 (C:\Program Files\MiKTeX\tex/generic/pgf/libraries\pgflibraryplothandlers.code.tex
File: pgflibraryplothandlers.code.tex 2025-08-29 v3.1.11a (3.1.11a)
\pgf@plot@mark@count=\count331
\pgfplotmarksize=\dimen298
)
\tikz@lastx=\dimen299
\tikz@lasty=\dimen300
\tikz@lastxsaved=\dimen301
\tikz@lastysaved=\dimen302
\tikz@lastmovetox=\dimen303
\tikz@lastmovetoy=\dimen304
\tikzleveldistance=\dimen305
\tikzsiblingdistance=\dimen306
\tikz@figbox=\box71
\tikz@figbox@bg=\box72
\tikz@tempbox=\box73
\tikz@tempbox@bg=\box74
\tikztreelevel=\count332
\tikznumberofchildren=\count333
\tikznumberofcurrentchild=\count334
\tikz@fig@count=\count335
 (C:\Program Files\MiKTeX\tex/generic/pgf/modules\pgfmodulematrix.code.tex
File: pgfmodulematrix.code.tex 2025-08-29 v3.1.11a (3.1.11a)
\pgfmatrixcurrentrow=\count336
\pgfmatrixcurrentcolumn=\count337
\pgf@matrix@numberofcolumns=\count338
)
\tikz@expandcount=\count339
 (C:\Program Files\MiKTeX\tex/generic/pgf/frontendlayer/tikz/libraries\tikzlibrarytopaths.code.tex
File: tikzlibrarytopaths.code.tex 2025-08-29 v3.1.11a (3.1.11a)
))) (C:\Program Files\MiKTeX\tex/generic/pgf/frontendlayer/tikz/libraries\tikzlibrarycalc.code.tex
File: tikzlibrarycalc.code.tex 2025-08-29 v3.1.11a (3.1.11a)
) (C:\Program Files\MiKTeX\tex/generic/pgf/frontendlayer/tikz/libraries\tikzlibrarypositioning.code.tex
File: tikzlibrarypositioning.code.tex 2025-08-29 v3.1.11a (3.1.11a)
) (C:\Program Files\MiKTeX\tex/generic/pgf/frontendlayer/tikz/libraries\tikzlibraryfit.code.tex
File: tikzlibraryfit.code.tex 2025-08-29 v3.1.11a (3.1.11a)
) (C:\Program Files\MiKTeX\tex/generic/pgf/frontendlayer/tikz/libraries\tikzlibrarybackgrounds.code.tex
File: tikzlibrarybackgrounds.code.tex 2025-08-29 v3.1.11a (3.1.11a)
\pgf@layerbox@background=\box75
\pgf@layerboxsaved@background=\box76
) (C:\Program Files\MiKTeX\tex/generic/pgf/frontendlayer/tikz/libraries\tikzlibraryshapes.geometric.code.tex
File: tikzlibraryshapes.geometric.code.tex 2025-08-29 v3.1.11a (3.1.11a)
 (C:\Program Files\MiKTeX\tex/generic/pgf/libraries/shapes\pgflibraryshapes.geometric.code.tex
File: pgflibraryshapes.geometric.code.tex 2025-08-29 v3.1.11a (3.1.11a)
)) (C:\Program Files\MiKTeX\tex/generic/pgf/frontendlayer/tikz/libraries\tikzlibraryshapes.multipart.code.tex
File: tikzlibraryshapes.multipart.code.tex 2025-08-29 v3.1.11a (3.1.11a)
 (C:\Program Files\MiKTeX\tex/generic/pgf/libraries/shapes\pgflibraryshapes.multipart.code.tex
File: pgflibraryshapes.multipart.code.tex 2025-08-29 v3.1.11a (3.1.11a)
\pgfnodepartlowerbox=\box77
\pgfnodeparttwobox=\box78
\pgfnodepartthreebox=\box79
\pgfnodepartfourbox=\box80
\pgfnodeparttwentybox=\box81
\pgfnodepartnineteenbox=\box82
\pgfnodeparteighteenbox=\box83
\pgfnodepartseventeenbox=\box84
\pgfnodepartsixteenbox=\box85
\pgfnodepartfifteenbox=\box86
\pgfnodepartfourteenbox=\box87
\pgfnodepartthirteenbox=\box88
\pgfnodeparttwelvebox=\box89
\pgfnodepartelevenbox=\box90
\pgfnodeparttenbox=\box91
\pgfnodepartninebox=\box92
\pgfnodeparteightbox=\box93
\pgfnodepartsevenbox=\box94
\pgfnodepartsixbox=\box95
\pgfnodepartfivebox=\box96
)) (C:\Program Files\MiKTeX\tex/generic/pgf/libraries\pgflibraryarrows.meta.code.tex
File: pgflibraryarrows.meta.code.tex 2025-08-29 v3.1.11a (3.1.11a)
\pgfarrowinset=\dimen307
\pgfarrowlength=\dimen308
\pgfarrowwidth=\dimen309
\pgfarrowlinewidth=\dimen310
) (C:\Program Files\MiKTeX\tex/latex/fancyhdr\fancyhdr.sty
Package: fancyhdr 2025/02/07 v5.2 Extensive control of page headers and footers
\f@nch@headwidth=\skip63
\f@nch@offset@elh=\skip64
\f@nch@offset@erh=\skip65
\f@nch@offset@olh=\skip66
\f@nch@offset@orh=\skip67
\f@nch@offset@elf=\skip68
\f@nch@offset@erf=\skip69
\f@nch@offset@olf=\skip70
\f@nch@offset@orf=\skip71
\f@nch@height=\skip72
\f@nch@footalignment=\skip73
\f@nch@widthL=\skip74
\f@nch@widthC=\skip75
\f@nch@widthR=\skip76
\@temptokenb=\toks43
) (C:\Program Files\MiKTeX\tex/latex/titlesec\titlesec.sty
Package: titlesec 2025/01/04 v2.17 Sectioning titles
\ttl@box=\box97
\beforetitleunit=\skip77
\aftertitleunit=\skip78
\ttl@plus=\dimen311
\ttl@minus=\dimen312
\ttl@toksa=\toks44
\titlewidth=\dimen313
\titlewidthlast=\dimen314
\titlewidthfirst=\dimen315
) (C:\Program Files\MiKTeX\tex/latex/hyperref\hyperref.sty
Package: hyperref 2026-04-24 v7.01q Hypertext links for LaTeX
 (C:\Program Files\MiKTeX\tex/latex/kvsetkeys\kvsetkeys.sty
Package: kvsetkeys 2022-10-05 v1.19 Key value parser (HO)
) (C:\Program Files\MiKTeX\tex/generic/kvdefinekeys\kvdefinekeys.sty
Package: kvdefinekeys 2019-12-19 v1.6 Define keys (HO)
) (C:\Program Files\MiKTeX\tex/generic/pdfescape\pdfescape.sty
Package: pdfescape 2019/12/09 v1.15 Implements pdfTeX's escape features (HO)
 (C:\Program Files\MiKTeX\tex/generic/ltxcmds\ltxcmds.sty
Package: ltxcmds 2023-12-04 v1.26 LaTeX kernel commands for general use (HO)
) (C:\Program Files\MiKTeX\tex/generic/pdftexcmds\pdftexcmds.sty
Package: pdftexcmds 2020-06-27 v0.33 Utility functions of pdfTeX for LuaTeX (HO)
 (C:\Program Files\MiKTeX\tex/generic/infwarerr\infwarerr.sty
Package: infwarerr 2019/12/03 v1.5 Providing info/warning/error messages (HO)
)
Package pdftexcmds Info: \pdf@primitive is available.
Package pdftexcmds Info: \pdf@ifprimitive is available.
Package pdftexcmds Info: \pdfdraftmode found.
)) (C:\Program Files\MiKTeX\tex/latex/hycolor\hycolor.sty
Package: hycolor 2020-01-27 v1.10 Color options for hyperref/bookmark (HO)
) (C:\Program Files\MiKTeX\tex/latex/hyperref\nameref.sty
Package: nameref 2026-01-29 v2.58 Cross-referencing by name of section
 (C:\Program Files\MiKTeX\tex/latex/refcount\refcount.sty
Package: refcount 2019/12/15 v3.6 Data extraction from label references (HO)
) (C:\Program Files\MiKTeX\tex/generic/gettitlestring\gettitlestring.sty
Package: gettitlestring 2019/12/15 v1.6 Cleanup title references (HO)
 (C:\Program Files\MiKTeX\tex/latex/kvoptions\kvoptions.sty
Package: kvoptions 2022-06-15 v3.15 Key value format for package options (HO)
))
\c@section@level=\count340
) (C:\Program Files\MiKTeX\tex/latex/etoolbox\etoolbox.sty
Package: etoolbox 2025/10/02 v2.5m e-TeX tools for LaTeX (JAW)
\etb@tempcnta=\count341
) (C:\Program Files\MiKTeX\tex/generic/stringenc\stringenc.sty
Package: stringenc 2019/11/29 v1.12 Convert strings between diff. encodings (HO)
)
\@linkdim=\dimen316
\Hy@linkcounter=\count342
\Hy@pagecounter=\count343
 (C:\Program Files\MiKTeX\tex/latex/hyperref\pd1enc.def
File: pd1enc.def 2026-04-24 v7.01q Hyperref: PDFDocEncoding definition (HO)
Now handling font encoding PD1 ...
... no UTF-8 mapping file for font encoding PD1
) (C:\Program Files\MiKTeX\tex/generic/intcalc\intcalc.sty
Package: intcalc 2019/12/15 v1.3 Expandable calculations with integers (HO)
)
\Hy@SavedSpaceFactor=\count344
 (C:\Program Files\MiKTeX\tex/latex/hyperref\puenc.def
File: puenc.def 2026-04-24 v7.01q Hyperref: PDF Unicode definition (HO)
Now handling font encoding PU ...
... no UTF-8 mapping file for font encoding PU
)
Package hyperref Info: Hyper figures OFF on input line 4199.
Package hyperref Info: Link nesting OFF on input line 4204.
Package hyperref Info: Hyper index ON on input line 4207.
Package hyperref Info: Plain pages OFF on input line 4214.
Package hyperref Info: Backreferencing OFF on input line 4219.
Package hyperref Info: Implicit mode ON; LaTeX internals redefined.
Package hyperref Info: Bookmarks ON on input line 4466.
\c@Hy@tempcnt=\count345
 (C:\Program Files\MiKTeX\tex/latex/url\url.sty
\Urlmuskip=\muskip18
Package: url 2013/09/16  ver 3.4  Verb mode for urls, etc.
)
LaTeX Info: Redefining \url on input line 4805.
\XeTeXLinkMargin=\dimen317
 (C:\Program Files\MiKTeX\tex/generic/bitset\bitset.sty
Package: bitset 2019/12/09 v1.3 Handle bit-vector datatype (HO)
 (C:\Program Files\MiKTeX\tex/generic/bigintcalc\bigintcalc.sty
Package: bigintcalc 2019/12/15 v1.5 Expandable calculations on big integers (HO)
))
\Fld@menulength=\count346
\Field@Width=\dimen318
\Fld@charsize=\dimen319
Package hyperref Info: Hyper figures OFF on input line 6091.
Package hyperref Info: Link nesting OFF on input line 6096.
Package hyperref Info: Hyper index ON on input line 6099.
Package hyperref Info: backreferencing OFF on input line 6106.
Package hyperref Info: Link coloring OFF on input line 6111.
Package hyperref Info: Link coloring with OCG OFF on input line 6116.
Package hyperref Info: PDF/A mode OFF on input line 6121.
\Hy@abspage=\count347
\c@Item=\count348
\c@Hfootnote=\count349
)
Package hyperref Info: Driver (autodetected): hpdftex.
 (C:\Program Files\MiKTeX\tex/latex/hyperref\hpdftex.def
File: hpdftex.def 2026-04-24 v7.01q Hyperref driver for pdfTeX
\Fld@listcount=\count350
\c@bookmark@seq@number=\count351
 (C:\Program Files\MiKTeX\tex/latex/rerunfilecheck\rerunfilecheck.sty
Package: rerunfilecheck 2025-06-21 v1.11 Rerun checks for auxiliary files (HO)
 (C:\Program Files\MiKTeX\tex/generic/uniquecounter\uniquecounter.sty
Package: uniquecounter 2019/12/15 v1.4 Provide unlimited unique counter (HO)
)
Package uniquecounter Info: New unique counter `rerunfilecheck' on input line 284.
)
\Hy@SectionHShift=\skip79
)
Package hyperref Info: Option `colorlinks' set `true' on input line 153.
 (C:\Program Files\MiKTeX\tex/latex/enumitem\enumitem.sty
Package: enumitem 2025/02/06 v3.11 Customized lists
\labelindent=\skip80
\enit@outerparindent=\dimen320
\enit@toks=\toks45
\enit@inbox=\box98
\enit@count@id=\count352
\enitdp@description=\count353
) (C:\Program Files\MiKTeX\tex/latex/pdfpages\pdfpages.sty
Package: pdfpages 2026/03/30 v0.6h Insert pages of external PDF documents (AM)
 (C:\Program Files\MiKTeX\tex/latex/base\ifthen.sty
Package: ifthen 2024/03/16 v1.1e Standard LaTeX ifthen package (DPC)
) (C:\Program Files\MiKTeX\tex/latex/tools\calc.sty
Package: calc 2025/03/01 v4.3b Infix arithmetic (KKT,FJ)
\calc@Acount=\count354
\calc@Bcount=\count355
\calc@Adimen=\dimen321
\calc@Bdimen=\dimen322
\calc@Askip=\skip81
\calc@Bskip=\skip82
LaTeX Info: Redefining \setlength on input line 86.
LaTeX Info: Redefining \addtolength on input line 87.
\calc@Ccount=\count356
\calc@Cskip=\skip83
) (C:\Program Files\MiKTeX\tex/latex/eso-pic\eso-pic.sty
Package: eso-pic 2026/05/31 v3.0e eso-pic (RN)
\ESO@tempdima=\dimen323
\ESO@tempdimb=\dimen324
)
\AM@pagewidth=\dimen325
\AM@pageheight=\dimen326
\AM@fboxrule=\dimen327
 (C:\Program Files\MiKTeX\tex/latex/pdfpages\pppdftex.def
File: pppdftex.def 2026/03/30 v0.6h Pdfpages driver for pdfTeX (AM)
)
\pdfpages@includegraphics@status=\count357
\AM@pagebox=\box99
\AM@global@opts=\toks46
\AM@pagecnt=\count358
\AM@toc@title=\toks47
\AM@lof@heading=\toks48
\c@AM@survey=\count359
\AM@templatesizebox=\box100
) (styles/colors.tex) (styles/page_style.tex) (styles/commands.tex))
LaTeX Font Info:    Trying to load font information for T1+lmr on input line 26.
 (C:\Program Files\MiKTeX\tex/latex/lm\t1lmr.fd
File: t1lmr.fd 2015/05/01 v1.6.1 Font defs for Latin Modern
) (C:\Program Files\MiKTeX\tex/latex/l3backend\l3backend-pdftex.def
File: l3backend-pdftex.def 2026-02-18 L3 backend support: PDF output (pdfTeX)
\l__color_backend_stack_int=\count360
) (main.aux)
\openout1 = `main.aux'.

LaTeX Font Info:    Checking defaults for OML/cmm/m/it on input line 26.
LaTeX Font Info:    ... okay on input line 26.
LaTeX Font Info:    Checking defaults for OMS/cmsy/m/n on input line 26.
LaTeX Font Info:    ... okay on input line 26.
LaTeX Font Info:    Checking defaults for OT1/cmr/m/n on input line 26.
LaTeX Font Info:    ... okay on input line 26.
LaTeX Font Info:    Checking defaults for T1/cmr/m/n on input line 26.
LaTeX Font Info:    ... okay on input line 26.
LaTeX Font Info:    Checking defaults for TS1/cmr/m/n on input line 26.
LaTeX Font Info:    ... okay on input line 26.
LaTeX Font Info:    Checking defaults for OMX/cmex/m/n on input line 26.
LaTeX Font Info:    ... okay on input line 26.
LaTeX Font Info:    Checking defaults for U/cmr/m/n on input line 26.
LaTeX Font Info:    ... okay on input line 26.
LaTeX Font Info:    Checking defaults for PD1/pdf/m/n on input line 26.
LaTeX Font Info:    ... okay on input line 26.
LaTeX Font Info:    Checking defaults for PU/pdf/m/n on input line 26.
LaTeX Font Info:    ... okay on input line 26.

*geometry* driver: auto-detecting
*geometry* detected driver: pdftex
*geometry* verbose mode - [ preamble ] result:
* driver: pdftex
* paper: a4paper
* layout: <same size as paper>
* layoutoffset:(h,v)=(0.0pt,0.0pt)
* modes: 
* h-part:(L,W,R)=(85.35826pt, 441.01773pt, 71.13188pt)
* v-part:(T,H,B)=(71.13188pt, 702.78308pt, 71.13188pt)
* \paperwidth=597.50787pt
* \paperheight=845.04684pt
* \textwidth=441.01773pt
* \textheight=702.78308pt
* \oddsidemargin=13.08827pt
* \evensidemargin=13.08827pt
* \topmargin=-38.1381pt
* \headheight=15.0pt
* \headsep=25.0pt
* \topskip=12.0pt
* \footskip=30.0pt
* \marginparwidth=35.0pt
* \marginparsep=10.0pt
* \columnsep=10.0pt
* \skip\footins=10.8pt plus 4.0pt minus 2.0pt
* \hoffset=0.0pt
* \voffset=0.0pt
* \mag=1000
* \@twocolumnfalse
* \@twosidefalse
* \@mparswitchfalse
* \@reversemarginfalse
* (1in=72.27pt=25.4mm, 1cm=28.453pt)

(C:\Program Files\MiKTeX\tex/context/base/mkii\supp-pdf.mkii
[Loading MPS to PDF converter (version 2006.09.02).]
\scratchcounter=\count361
\scratchdimen=\dimen328
\scratchbox=\box101
\nofMPsegments=\count362
\nofMParguments=\count363
\everyMPshowfont=\toks49
\MPscratchCnt=\count364
\MPscratchDim=\dimen329
\MPnumerator=\count365
\makeMPintoPDFobject=\count366
\everyMPtoPDFconversion=\toks50
) (C:\Program Files\MiKTeX\tex/latex/epstopdf-pkg\epstopdf-base.sty
Package: epstopdf-base 2020-01-24 v2.11 Base part for package epstopdf
Package epstopdf-base Info: Redefining graphics rule for `.eps' on input line 485.
 (C:\Program Files\MiKTeX\tex/latex/00miktex\epstopdf-sys.cfg
File: epstopdf-sys.cfg 2021/03/18 v2.0 Configuration of epstopdf for MiKTeX
))
Package caption Info: Begin \AtBeginDocument code.
Package caption Info: hyperref package is loaded.
Package caption Info: longtable package is loaded.
 (C:\Program Files\MiKTeX\tex/latex/caption\ltcaption.sty
Package: ltcaption 2021/01/08 v1.4c longtable captions (AR)
)
Package caption Info: End \AtBeginDocument code.
Package hyperref Info: Link coloring ON on input line 26.
 (main.out) (main.out)
\@outlinefile=\write4
\openout4 = `main.out'.

 (C:\Program Files\MiKTeX\tex/latex/pdflscape\pdflscape.sty
Package: pdflscape 2022-10-27 v0.13 Display of landscape pages in PDF
 (C:\Program Files\MiKTeX\tex/latex/pdflscape\pdflscape-nometadata.sty
Package: pdflscape-nometadata 2022-10-28 v0.13 Display of landscape pages in PDF (HO)
 (C:\Program Files\MiKTeX\tex/latex/graphics\lscape.sty
Package: lscape 2020/05/28 v3.02 Landscape Pages (DPC)
)
Package pdflscape Info: Auto-detected driver: pdftex on input line 81.
)) (cover.tex
<images/logo UTH.jpg, id=3630, 517.935pt x 98.3675pt>
File: images/logo UTH.jpg Graphic file (type jpg)
<use images/logo UTH.jpg>
Package pdftex.def Info: images/logo UTH.jpg  used on input line 49.
(pdftex.def)             Requested size: 270.30118pt x 51.3375pt.
LaTeX Font Info:    Trying to load font information for OT1+lmr on input line 97.
 (C:\Program Files\MiKTeX\tex/latex/lm\ot1lmr.fd
File: ot1lmr.fd 2015/05/01 v1.6.1 Font defs for Latin Modern
)
LaTeX Font Info:    Trying to load font information for OML+lmm on input line 97.
 (C:\Program Files\MiKTeX\tex/latex/lm\omllmm.fd
File: omllmm.fd 2015/05/01 v1.6.1 Font defs for Latin Modern
)
LaTeX Font Info:    Trying to load font information for OMS+lmsy on input line 97.
 (C:\Program Files\MiKTeX\tex/latex/lm\omslmsy.fd
File: omslmsy.fd 2015/05/01 v1.6.1 Font defs for Latin Modern
)
LaTeX Font Info:    Trying to load font information for OMX+lmex on input line 97.
 (C:\Program Files\MiKTeX\tex/latex/lm\omxlmex.fd
File: omxlmex.fd 2015/05/01 v1.6.1 Font defs for Latin Modern
)
LaTeX Font Info:    External font `lmex10' loaded for size
(Font)              <12> on input line 97.
LaTeX Font Info:    External font `lmex10' loaded for size
(Font)              <8> on input line 97.
LaTeX Font Info:    External font `lmex10' loaded for size
(Font)              <6> on input line 97.
LaTeX Font Info:    Trying to load font information for U+msa on input line 97.
 (C:\Program Files\MiKTeX\tex/latex/amsfonts\umsa.fd
File: umsa.fd 2013/01/14 v3.01 AMS symbols A
)
LaTeX Font Info:    Trying to load font information for U+msb on input line 97.
 (C:\Program Files\MiKTeX\tex/latex/amsfonts\umsb.fd
File: umsb.fd 2013/01/14 v3.01 AMS symbols B
) [1

{C:/Users/Kiem Dung/AppData/Local/MiKTeX/fonts/map/pdftex/pdftex.map}{C:/Program Files/MiKTeX/fonts/enc/dvips/lm/lm-ec.enc} <./images/logo UTH.jpg>]) (main.toc [1


] [2] [3] [4] [5] [6] [7])
\tf@toc=\write5
\openout5 = `main.toc'.

 [8] (main.lof
Overfull \hbox (1.0363pt too wide) detected at line 21
\T1/lmr/m/n/12 IV.10 
 []


Overfull \hbox (1.0363pt too wide) detected at line 22
\T1/lmr/m/n/12 IV.11 
 []


Overfull \hbox (1.0363pt too wide) detected at line 23
\T1/lmr/m/n/12 IV.12 
 []


Overfull \hbox (1.0363pt too wide) detected at line 24
\T1/lmr/m/n/12 IV.13 
 []


Overfull \hbox (1.0363pt too wide) detected at line 25
\T1/lmr/m/n/12 IV.14 
 []


Overfull \hbox (1.0363pt too wide) detected at line 26
\T1/lmr/m/n/12 IV.15 
 []


Overfull \hbox (1.0363pt too wide) detected at line 27
\T1/lmr/m/n/12 IV.16 
 []


Overfull \hbox (1.0363pt too wide) detected at line 28
\T1/lmr/m/n/12 IV.17 
 []


Overfull \hbox (1.0363pt too wide) detected at line 29
\T1/lmr/m/n/12 IV.18 
 []


Overfull \hbox (1.0363pt too wide) detected at line 30
\T1/lmr/m/n/12 IV.19 
 []


Overfull \hbox (1.0363pt too wide) detected at line 31
\T1/lmr/m/n/12 IV.20 
 []

[9


]
Overfull \hbox (1.0363pt too wide) detected at line 32
\T1/lmr/m/n/12 IV.21 
 []


Overfull \hbox (1.0363pt too wide) detected at line 33
\T1/lmr/m/n/12 IV.22 
 []


Overfull \hbox (1.0363pt too wide) detected at line 34
\T1/lmr/m/n/12 IV.23 
 []


Overfull \hbox (1.0363pt too wide) detected at line 35
\T1/lmr/m/n/12 IV.24 
 []


Overfull \hbox (1.0363pt too wide) detected at line 36
\T1/lmr/m/n/12 IV.25 
 []


Overfull \hbox (1.0363pt too wide) detected at line 37
\T1/lmr/m/n/12 IV.26 
 []


Overfull \hbox (1.0363pt too wide) detected at line 38
\T1/lmr/m/n/12 IV.27 
 []


Overfull \hbox (1.0363pt too wide) detected at line 39
\T1/lmr/m/n/12 IV.28 
 []


Overfull \hbox (1.0363pt too wide) detected at line 40
\T1/lmr/m/n/12 IV.29 
 []


Overfull \hbox (1.0363pt too wide) detected at line 41
\T1/lmr/m/n/12 IV.30 
 []


Overfull \hbox (1.0363pt too wide) detected at line 42
\T1/lmr/m/n/12 IV.31 
 []


Overfull \hbox (1.0363pt too wide) detected at line 43
\T1/lmr/m/n/12 IV.32 
 []


Overfull \hbox (1.0363pt too wide) detected at line 44
\T1/lmr/m/n/12 IV.33 
 []


Overfull \hbox (1.0363pt too wide) detected at line 45
\T1/lmr/m/n/12 IV.34 
 []


Overfull \hbox (1.0363pt too wide) detected at line 46
\T1/lmr/m/n/12 IV.35 
 []


Overfull \hbox (1.0363pt too wide) detected at line 47
\T1/lmr/m/n/12 IV.36 
 []


Overfull \hbox (1.0363pt too wide) detected at line 48
\T1/lmr/m/n/12 IV.37 
 []


Overfull \hbox (1.0363pt too wide) detected at line 49
\T1/lmr/m/n/12 IV.38 
 []


Overfull \hbox (1.0363pt too wide) detected at line 50
\T1/lmr/m/n/12 IV.39 
 []


Overfull \hbox (1.0363pt too wide) detected at line 51
\T1/lmr/m/n/12 IV.40 
 []


Overfull \hbox (1.0363pt too wide) detected at line 52
\T1/lmr/m/n/12 IV.41 
 []


Overfull \hbox (1.0363pt too wide) detected at line 53
\T1/lmr/m/n/12 IV.42 
 []


Overfull \hbox (1.0363pt too wide) detected at line 54
\T1/lmr/m/n/12 IV.43 
 []


Overfull \hbox (1.0363pt too wide) detected at line 55
\T1/lmr/m/n/12 IV.44 
 []


Overfull \hbox (1.0363pt too wide) detected at line 56
\T1/lmr/m/n/12 IV.45 
 []


Overfull \hbox (1.0363pt too wide) detected at line 57
\T1/lmr/m/n/12 IV.46 
 []


Overfull \hbox (1.0363pt too wide) detected at line 58
\T1/lmr/m/n/12 IV.47 
 []


Overfull \hbox (1.0363pt too wide) detected at line 59
\T1/lmr/m/n/12 IV.48 
 []


Overfull \hbox (1.0363pt too wide) detected at line 60
\T1/lmr/m/n/12 IV.49 
 []


Overfull \hbox (1.0363pt too wide) detected at line 61
\T1/lmr/m/n/12 IV.50 
 []


Overfull \hbox (1.0363pt too wide) detected at line 62
\T1/lmr/m/n/12 IV.51 
 []


Overfull \hbox (1.0363pt too wide) detected at line 63
\T1/lmr/m/n/12 IV.52 
 []


Overfull \hbox (1.0363pt too wide) detected at line 64
\T1/lmr/m/n/12 IV.53 
 []


Overfull \hbox (1.0363pt too wide) detected at line 65
\T1/lmr/m/n/12 IV.54 
 []

[10]
Overfull \hbox (1.0363pt too wide) detected at line 66
\T1/lmr/m/n/12 IV.55 
 []


Overfull \hbox (1.0363pt too wide) detected at line 67
\T1/lmr/m/n/12 IV.56 
 []


Overfull \hbox (1.0363pt too wide) detected at line 68
\T1/lmr/m/n/12 IV.57 
 []


Overfull \hbox (1.0363pt too wide) detected at line 69
\T1/lmr/m/n/12 IV.58 
 []


Overfull \hbox (1.0363pt too wide) detected at line 70
\T1/lmr/m/n/12 IV.59 
 []


Overfull \hbox (1.0363pt too wide) detected at line 71
\T1/lmr/m/n/12 IV.60 
 []


Overfull \hbox (1.0363pt too wide) detected at line 72
\T1/lmr/m/n/12 IV.61 
 []


Overfull \hbox (1.0363pt too wide) detected at line 73
\T1/lmr/m/n/12 IV.62 
 []


Overfull \hbox (1.0363pt too wide) detected at line 74
\T1/lmr/m/n/12 IV.63 
 []


Overfull \hbox (1.0363pt too wide) detected at line 75
\T1/lmr/m/n/12 IV.64 
 []


Overfull \hbox (1.0363pt too wide) detected at line 76
\T1/lmr/m/n/12 IV.65 
 []


Overfull \hbox (1.0363pt too wide) detected at line 77
\T1/lmr/m/n/12 IV.66 
 []


Overfull \hbox (1.0363pt too wide) detected at line 78
\T1/lmr/m/n/12 IV.67 
 []


Overfull \hbox (1.0363pt too wide) detected at line 79
\T1/lmr/m/n/12 IV.68 
 []


Overfull \hbox (1.0363pt too wide) detected at line 80
\T1/lmr/m/n/12 IV.69 
 []


Overfull \hbox (1.0363pt too wide) detected at line 81
\T1/lmr/m/n/12 IV.70 
 []


Overfull \hbox (1.0363pt too wide) detected at line 82
\T1/lmr/m/n/12 IV.71 
 []


Overfull \hbox (1.0363pt too wide) detected at line 83
\T1/lmr/m/n/12 IV.72 
 []


Overfull \hbox (1.0363pt too wide) detected at line 84
\T1/lmr/m/n/12 IV.73 
 []


Overfull \hbox (1.0363pt too wide) detected at line 85
\T1/lmr/m/n/12 IV.74 
 []


Overfull \hbox (1.0363pt too wide) detected at line 86
\T1/lmr/m/n/12 IV.75 
 []


Overfull \hbox (1.0363pt too wide) detected at line 87
\T1/lmr/m/n/12 IV.76 
 []


Overfull \hbox (1.0363pt too wide) detected at line 88
\T1/lmr/m/n/12 IV.77 
 []


Overfull \hbox (1.0363pt too wide) detected at line 89
\T1/lmr/m/n/12 IV.78 
 []


Overfull \hbox (1.0363pt too wide) detected at line 90
\T1/lmr/m/n/12 IV.79 
 []


Overfull \hbox (1.0363pt too wide) detected at line 91
\T1/lmr/m/n/12 IV.80 
 []


Overfull \hbox (1.0363pt too wide) detected at line 92
\T1/lmr/m/n/12 IV.81 
 []


Overfull \hbox (1.0363pt too wide) detected at line 93
\T1/lmr/m/n/12 IV.82 
 []


Overfull \hbox (1.0363pt too wide) detected at line 94
\T1/lmr/m/n/12 IV.83 
 []


Overfull \hbox (1.0363pt too wide) detected at line 95
\T1/lmr/m/n/12 IV.84 
 []


Overfull \hbox (1.0363pt too wide) detected at line 96
\T1/lmr/m/n/12 IV.85 
 []


Overfull \hbox (1.0363pt too wide) detected at line 97
\T1/lmr/m/n/12 IV.86 
 []


Overfull \hbox (1.0363pt too wide) detected at line 98
\T1/lmr/m/n/12 IV.87 
 []


Overfull \hbox (1.0363pt too wide) detected at line 99
\T1/lmr/m/n/12 IV.88 
 []

[11]
Overfull \hbox (1.0363pt too wide) detected at line 100
\T1/lmr/m/n/12 IV.89 
 []


Overfull \hbox (1.0363pt too wide) detected at line 101
\T1/lmr/m/n/12 IV.90 
 []


Overfull \hbox (1.0363pt too wide) detected at line 102
\T1/lmr/m/n/12 IV.91 
 []


Overfull \hbox (1.0363pt too wide) detected at line 103
\T1/lmr/m/n/12 IV.92 
 []


Overfull \hbox (1.0363pt too wide) detected at line 104
\T1/lmr/m/n/12 IV.93 
 []


Overfull \hbox (1.0363pt too wide) detected at line 105
\T1/lmr/m/n/12 IV.94 
 []


Overfull \hbox (1.0363pt too wide) detected at line 106
\T1/lmr/m/n/12 IV.95 
 []


Overfull \hbox (1.0363pt too wide) detected at line 107
\T1/lmr/m/n/12 IV.96 
 []


Overfull \hbox (1.0363pt too wide) detected at line 108
\T1/lmr/m/n/12 IV.97 
 []


Overfull \hbox (1.0363pt too wide) detected at line 109
\T1/lmr/m/n/12 IV.98 
 []


Overfull \hbox (1.0363pt too wide) detected at line 110
\T1/lmr/m/n/12 IV.99 
 []


Overfull \hbox (6.91129pt too wide) detected at line 111
\T1/lmr/m/n/12 IV.100 
 []


Overfull \hbox (6.91129pt too wide) detected at line 112
\T1/lmr/m/n/12 IV.101 
 []


Overfull \hbox (6.91129pt too wide) detected at line 113
\T1/lmr/m/n/12 IV.102 
 []


Overfull \hbox (6.91129pt too wide) detected at line 114
\T1/lmr/m/n/12 IV.103 
 []


Overfull \hbox (6.91129pt too wide) detected at line 115
\T1/lmr/m/n/12 IV.104 
 []


Overfull \hbox (6.91129pt too wide) detected at line 116
\T1/lmr/m/n/12 IV.105 
 []


Overfull \hbox (6.91129pt too wide) detected at line 117
\T1/lmr/m/n/12 IV.106 
 []


Overfull \hbox (6.91129pt too wide) detected at line 118
\T1/lmr/m/n/12 IV.107 
 []


Overfull \hbox (6.91129pt too wide) detected at line 119
\T1/lmr/m/n/12 IV.108 
 []


Overfull \hbox (6.91129pt too wide) detected at line 120
\T1/lmr/m/n/12 IV.109 
 []


Overfull \hbox (6.91129pt too wide) detected at line 121
\T1/lmr/m/n/12 IV.110 
 []


Overfull \hbox (6.91129pt too wide) detected at line 122
\T1/lmr/m/n/12 IV.111 
 []


Overfull \hbox (6.91129pt too wide) detected at line 123
\T1/lmr/m/n/12 IV.112 
 []


Overfull \hbox (6.91129pt too wide) detected at line 124
\T1/lmr/m/n/12 IV.113 
 []


Overfull \hbox (6.91129pt too wide) detected at line 125
\T1/lmr/m/n/12 IV.114 
 []


Overfull \hbox (6.91129pt too wide) detected at line 126
\T1/lmr/m/n/12 IV.115 
 []


Overfull \hbox (6.91129pt too wide) detected at line 127
\T1/lmr/m/n/12 IV.116 
 []


Overfull \hbox (6.91129pt too wide) detected at line 128
\T1/lmr/m/n/12 IV.117 
 []


Overfull \hbox (6.91129pt too wide) detected at line 129
\T1/lmr/m/n/12 IV.118 
 []


Overfull \hbox (6.91129pt too wide) detected at line 130
\T1/lmr/m/n/12 IV.119 
 []


Overfull \hbox (6.91129pt too wide) detected at line 131
\T1/lmr/m/n/12 IV.120 
 []


Overfull \hbox (6.91129pt too wide) detected at line 132
\T1/lmr/m/n/12 IV.121 
 []


Overfull \hbox (6.91129pt too wide) detected at line 133
\T1/lmr/m/n/12 IV.122 
 []

[12]
Overfull \hbox (6.91129pt too wide) detected at line 134
\T1/lmr/m/n/12 IV.123 
 []


Overfull \hbox (6.91129pt too wide) detected at line 135
\T1/lmr/m/n/12 IV.124 
 []


Overfull \hbox (6.91129pt too wide) detected at line 136
\T1/lmr/m/n/12 IV.125 
 []


Overfull \hbox (6.91129pt too wide) detected at line 137
\T1/lmr/m/n/12 IV.126 
 []


Overfull \hbox (6.91129pt too wide) detected at line 138
\T1/lmr/m/n/12 IV.127 
 []


Overfull \hbox (6.91129pt too wide) detected at line 139
\T1/lmr/m/n/12 IV.128 
 []


Overfull \hbox (6.91129pt too wide) detected at line 140
\T1/lmr/m/n/12 IV.129 
 []


Overfull \hbox (6.91129pt too wide) detected at line 141
\T1/lmr/m/n/12 IV.130 
 []


Overfull \hbox (6.91129pt too wide) detected at line 142
\T1/lmr/m/n/12 IV.131 
 []


Overfull \hbox (6.91129pt too wide) detected at line 143
\T1/lmr/m/n/12 IV.132 
 []


Overfull \hbox (6.91129pt too wide) detected at line 144
\T1/lmr/m/n/12 IV.133 
 []


Overfull \hbox (6.91129pt too wide) detected at line 145
\T1/lmr/m/n/12 IV.134 
 []


Overfull \hbox (6.91129pt too wide) detected at line 146
\T1/lmr/m/n/12 IV.135 
 []


Overfull \hbox (6.91129pt too wide) detected at line 147
\T1/lmr/m/n/12 IV.136 
 []


Overfull \hbox (6.91129pt too wide) detected at line 148
\T1/lmr/m/n/12 IV.137 
 []


Overfull \hbox (6.91129pt too wide) detected at line 149
\T1/lmr/m/n/12 IV.138 
 []


Overfull \hbox (6.91129pt too wide) detected at line 150
\T1/lmr/m/n/12 IV.139 
 []


Overfull \hbox (6.91129pt too wide) detected at line 151
\T1/lmr/m/n/12 IV.140 
 []


Overfull \hbox (6.91129pt too wide) detected at line 152
\T1/lmr/m/n/12 IV.141 
 []


Overfull \hbox (6.91129pt too wide) detected at line 153
\T1/lmr/m/n/12 IV.142 
 []


Overfull \hbox (6.91129pt too wide) detected at line 154
\T1/lmr/m/n/12 IV.143 
 []


Overfull \hbox (6.91129pt too wide) detected at line 155
\T1/lmr/m/n/12 IV.144 
 []


Overfull \hbox (6.91129pt too wide) detected at line 156
\T1/lmr/m/n/12 IV.145 
 []


Overfull \hbox (6.91129pt too wide) detected at line 157
\T1/lmr/m/n/12 IV.146 
 []


Overfull \hbox (6.91129pt too wide) detected at line 158
\T1/lmr/m/n/12 IV.147 
 []


Overfull \hbox (6.91129pt too wide) detected at line 159
\T1/lmr/m/n/12 IV.148 
 []


Overfull \hbox (6.91129pt too wide) detected at line 160
\T1/lmr/m/n/12 IV.149 
 []


Overfull \hbox (6.91129pt too wide) detected at line 161
\T1/lmr/m/n/12 IV.150 
 []


Overfull \hbox (6.91129pt too wide) detected at line 162
\T1/lmr/m/n/12 IV.151 
 []


Overfull \hbox (6.91129pt too wide) detected at line 163
\T1/lmr/m/n/12 IV.152 
 []


Overfull \hbox (6.91129pt too wide) detected at line 164
\T1/lmr/m/n/12 IV.153 
 []


Overfull \hbox (6.91129pt too wide) detected at line 165
\T1/lmr/m/n/12 IV.154 
 []


Overfull \hbox (6.91129pt too wide) detected at line 166
\T1/lmr/m/n/12 IV.155 
 []


Overfull \hbox (6.91129pt too wide) detected at line 167
\T1/lmr/m/n/12 IV.156 
 []

[13]
Overfull \hbox (6.91129pt too wide) detected at line 168
\T1/lmr/m/n/12 IV.157 
 []


Overfull \hbox (6.91129pt too wide) detected at line 169
\T1/lmr/m/n/12 IV.158 
 []


Overfull \hbox (6.91129pt too wide) detected at line 170
\T1/lmr/m/n/12 IV.159 
 []


Overfull \hbox (6.91129pt too wide) detected at line 171
\T1/lmr/m/n/12 IV.160 
 []


Overfull \hbox (6.91129pt too wide) detected at line 172
\T1/lmr/m/n/12 IV.161 
 []


Overfull \hbox (6.91129pt too wide) detected at line 173
\T1/lmr/m/n/12 IV.162 
 []


Overfull \hbox (6.91129pt too wide) detected at line 174
\T1/lmr/m/n/12 IV.163 
 []


Overfull \hbox (6.91129pt too wide) detected at line 175
\T1/lmr/m/n/12 IV.164 
 []


Overfull \hbox (6.91129pt too wide) detected at line 176
\T1/lmr/m/n/12 IV.165 
 []


Overfull \hbox (6.91129pt too wide) detected at line 177
\T1/lmr/m/n/12 IV.166 
 []


Overfull \hbox (6.91129pt too wide) detected at line 178
\T1/lmr/m/n/12 IV.167 
 []


Overfull \hbox (6.91129pt too wide) detected at line 179
\T1/lmr/m/n/12 IV.168 
 []

)
\tf@lof=\write6
\openout6 = `main.lof'.

 [14] (main.lot
Overfull \hbox (1.0363pt too wide) detected at line 23
\T1/lmr/m/n/12 IV.10 
 []


Overfull \hbox (1.0363pt too wide) detected at line 24
\T1/lmr/m/n/12 IV.11 
 []


Overfull \hbox (1.0363pt too wide) detected at line 25
\T1/lmr/m/n/12 IV.12 
 []


Overfull \hbox (1.0363pt too wide) detected at line 26
\T1/lmr/m/n/12 IV.13 
 []


Overfull \hbox (1.0363pt too wide) detected at line 27
\T1/lmr/m/n/12 IV.14 
 []


Overfull \hbox (1.0363pt too wide) detected at line 28
\T1/lmr/m/n/12 IV.15 
 []


Overfull \hbox (1.0363pt too wide) detected at line 29
\T1/lmr/m/n/12 IV.16 
 []


Overfull \hbox (1.0363pt too wide) detected at line 30
\T1/lmr/m/n/12 IV.17 
 []


Overfull \hbox (1.0363pt too wide) detected at line 31
\T1/lmr/m/n/12 IV.18 
 []


Overfull \hbox (1.0363pt too wide) detected at line 32
\T1/lmr/m/n/12 IV.19 
 []

[15


]
Overfull \hbox (1.0363pt too wide) detected at line 33
\T1/lmr/m/n/12 IV.20 
 []


Overfull \hbox (1.0363pt too wide) detected at line 34
\T1/lmr/m/n/12 IV.21 
 []


Overfull \hbox (1.0363pt too wide) detected at line 35
\T1/lmr/m/n/12 IV.22 
 []

)
\tf@lot=\write7
\openout7 = `main.lot'.

 [16] (chapters/chapter1.tex
Chapter I.
LaTeX Font Info:    Trying to load font information for TS1+lmr on input line 12.
(C:\Program Files\MiKTeX\tex/latex/lm\ts1lmr.fd
File: ts1lmr.fd 2015/05/01 v1.6.1 Font defs for Latin Modern
)
pdfTeX warning (ext4): destination with the same identifier (name{page.1}) has been already used, duplicate ignored
<to be read again> 
                   \relax 
l.84 
      [1


{C:/Program Files/MiKTeX/fonts/enc/dvips/lm/lm-ts1.enc}] [2] [3] [4] [5] [6]) (chapters/chapter2.tex [7]
Chapter II.
[8

]
Underfull \hbox (badness 10000) in paragraph at lines 127--127
[]|\T1/lmr/m/n/12 Changing Re-quire-
 []


Underfull \hbox (badness 10000) in paragraph at lines 133--133
[]|\T1/lmr/m/n/12 Database Per-for-
 []


Underfull \hbox (badness 10000) in paragraph at lines 135--136
[]|\T1/lmr/m/n/12 Weekly meet-ings and
 []


Underfull \hbox (badness 10000) in paragraph at lines 137--138
[]|\T1/lmr/m/n/12 Knowledge shar-ing and
 []

[9] [10]
Underfull \hbox (badness 10000) in paragraph at lines 290--290
[]|\T1/lmr/m/n/12 Development
 []


Underfull \hbox (badness 10000) in paragraph at lines 296--296
[]|\T1/lmr/m/n/12 Related Mem-
 []

[11] [12]) (chapters/chapter3.tex [13]
Chapter III.
<images/context_diagram.png, id=4450, 1541.76pt x 1027.84pt>
File: images/context_diagram.png Graphic file (type png)
<use images/context_diagram.png>
Package pdftex.def Info: images/context_diagram.png  used on input line 11.
(pdftex.def)             Requested size: 441.01773pt x 294.00392pt.
[14

]
Overfull \hbox (3.45673pt too wide) in alignment at lines 24--29
 [] [] [] 
 []


Overfull \hbox (3.45673pt too wide) in alignment at lines 29--31
 [] [] [] 
 []


Overfull \hbox (3.45673pt too wide) in alignment at lines 31--61
 [] [] [] 
 []

[15 <./images/context_diagram.png (PNG copy)>]
<images/usecase_diagram.png, id=4461, 1359.0775pt x 1166.3575pt>
File: images/usecase_diagram.png Graphic file (type png)
<use images/usecase_diagram.png>
Package pdftex.def Info: images/usecase_diagram.png  used on input line 69.
(pdftex.def)             Requested size: 441.01773pt x 378.4744pt.
 [16]
Overfull \hbox (49.99992pt too wide) in alignment at lines 84--93
 [] [] [] [] 
 []


Overfull \hbox (49.99992pt too wide) in alignment at lines 93--96
 [] [] [] [] 
 []


Overfull \hbox (0.5912pt too wide) in paragraph at lines 98--98
 []|\T1/lmr/m/n/12 UC01| 
 []


Overfull \hbox (0.5912pt too wide) in paragraph at lines 105--105
 []|\T1/lmr/m/n/12 UC02| 
 []


Underfull \hbox (badness 1184) in paragraph at lines 107--107
[]|\T1/lmr/m/n/12 All au-then-ti-cated
 []


Overfull \hbox (0.5912pt too wide) in paragraph at lines 112--112
 []|\T1/lmr/m/n/12 UC03| 
 []


Overfull \hbox (0.5912pt too wide) in paragraph at lines 119--119
 []|\T1/lmr/m/n/12 UC04| 
 []


Underfull \hbox (badness 1184) in paragraph at lines 121--121
[]|\T1/lmr/m/n/12 All au-then-ti-cated
 []


Overfull \hbox (0.5912pt too wide) in paragraph at lines 126--126
 []|\T1/lmr/m/n/12 UC05| 
 []


Overfull \hbox (0.5912pt too wide) in paragraph at lines 133--133
 []|\T1/lmr/m/n/12 UC06| 
 []


Underfull \hbox (badness 10000) in paragraph at lines 135--135
[]|\T1/lmr/m/n/12 Authenticated
 []


Overfull \hbox (0.5912pt too wide) in paragraph at lines 140--140
 []|\T1/lmr/m/n/12 UC07| 
 []


Overfull \hbox (0.5912pt too wide) in paragraph at lines 147--147
 []|\T1/lmr/m/n/12 UC08| 
 []


Overfull \hbox (0.5912pt too wide) in paragraph at lines 154--154
 []|\T1/lmr/m/n/12 UC09| 
 []


Overfull \hbox (0.5912pt too wide) in paragraph at lines 161--161
 []|\T1/lmr/m/n/12 UC10| 
 []


Overfull \hbox (0.5912pt too wide) in paragraph at lines 168--168
 []|\T1/lmr/m/n/12 UC11| 
 []


Overfull \hbox (0.5912pt too wide) in paragraph at lines 175--175
 []|\T1/lmr/m/n/12 UC12| 
 []


Overfull \hbox (0.5912pt too wide) in paragraph at lines 182--182
 []|\T1/lmr/m/n/12 UC13| 
 []


Overfull \hbox (0.5912pt too wide) in paragraph at lines 189--189
 []|\T1/lmr/m/n/12 UC14| 
 []


Overfull \hbox (0.5912pt too wide) in paragraph at lines 196--196
 []|\T1/lmr/m/n/12 UC15| 
 []


Overfull \hbox (0.5912pt too wide) in paragraph at lines 203--203
 []|\T1/lmr/m/n/12 UC16| 
 []


Overfull \hbox (0.5912pt too wide) in paragraph at lines 210--210
 []|\T1/lmr/m/n/12 UC17| 
 []


Overfull \hbox (0.5912pt too wide) in paragraph at lines 217--217
 []|\T1/lmr/m/n/12 UC18| 
 []


Overfull \hbox (0.5912pt too wide) in paragraph at lines 224--224
 []|\T1/lmr/m/n/12 UC19| 
 []


Overfull \hbox (0.5912pt too wide) in paragraph at lines 231--231
 []|\T1/lmr/m/n/12 UC20| 
 []


Overfull \hbox (0.5912pt too wide) in paragraph at lines 238--238
 []|\T1/lmr/m/n/12 UC21| 
 []


Underfull \hbox (badness 10000) in paragraph at lines 239--239
[]|\T1/lmr/m/n/12 View Per-son-al-ized
 []


Overfull \hbox (0.5912pt too wide) in paragraph at lines 245--245
 []|\T1/lmr/m/n/12 UC22| 
 []


Underfull \hbox (badness 10000) in paragraph at lines 246--246
[]|\T1/lmr/m/n/12 Update Roadmap
 []


Overfull \hbox (0.5912pt too wide) in paragraph at lines 252--252
 []|\T1/lmr/m/n/12 UC23| 
 []


Overfull \hbox (0.5912pt too wide) in paragraph at lines 259--259
 []|\T1/lmr/m/n/12 UC24| 
 []


Underfull \hbox (badness 10000) in paragraph at lines 260--260
[]|\T1/lmr/m/n/12 View Learn-ing
 []


Overfull \hbox (0.5912pt too wide) in paragraph at lines 266--266
 []|\T1/lmr/m/n/12 UC25| 
 []


Underfull \hbox (badness 1365) in paragraph at lines 267--267
[]|\T1/lmr/m/n/12 Search Learn-ing Re-
 []


Overfull \hbox (0.5912pt too wide) in paragraph at lines 273--273
 []|\T1/lmr/m/n/12 UC26| 
 []


Underfull \hbox (badness 10000) in paragraph at lines 274--274
[]|\T1/lmr/m/n/12 View Rec-om-mended
 []


Overfull \hbox (0.5912pt too wide) in paragraph at lines 280--280
 []|\T1/lmr/m/n/12 UC27| 
 []


Overfull \hbox (0.5912pt too wide) in paragraph at lines 287--287
 []|\T1/lmr/m/n/12 UC28| 
 []


Overfull \hbox (0.5912pt too wide) in paragraph at lines 294--294
 []|\T1/lmr/m/n/12 UC29| 
 []


Overfull \hbox (0.5912pt too wide) in paragraph at lines 301--301
 []|\T1/lmr/m/n/12 UC30| 
 []


Overfull \hbox (0.5912pt too wide) in paragraph at lines 308--308
 []|\T1/lmr/m/n/12 UC31| 
 []


Overfull \hbox (0.5912pt too wide) in paragraph at lines 315--315
 []|\T1/lmr/m/n/12 UC32| 
 []


Overfull \hbox (0.5912pt too wide) in paragraph at lines 322--322
 []|\T1/lmr/m/n/12 UC33| 
 []


Overfull \hbox (0.5912pt too wide) in paragraph at lines 329--329
 []|\T1/lmr/m/n/12 UC34| 
 []


Overfull \hbox (0.5912pt too wide) in paragraph at lines 336--336
 []|\T1/lmr/m/n/12 UC35| 
 []


Overfull \hbox (0.5912pt too wide) in paragraph at lines 343--343
 []|\T1/lmr/m/n/12 UC36| 
 []


Overfull \hbox (0.5912pt too wide) in paragraph at lines 350--350
 []|\T1/lmr/m/n/12 UC37| 
 []


Underfull \hbox (badness 10000) in paragraph at lines 351--351
[]|\T1/lmr/m/n/12 Review Learn-ing
 []


Overfull \hbox (0.5912pt too wide) in paragraph at lines 357--357
 []|\T1/lmr/m/n/12 UC38| 
 []


Underfull \hbox (badness 10000) in paragraph at lines 358--358
[]|\T1/lmr/m/n/12 Recommend Ca-reer
 []


Overfull \hbox (0.5912pt too wide) in paragraph at lines 364--364
 []|\T1/lmr/m/n/12 UC39| 
 []


Overfull \hbox (0.5912pt too wide) in paragraph at lines 371--371
 []|\T1/lmr/m/n/12 UC40| 
 []


Underfull \hbox (badness 10000) in paragraph at lines 372--372
[]|\T1/lmr/m/n/12 Comment Learn-ing
 []


Overfull \hbox (0.5912pt too wide) in paragraph at lines 378--378
 []|\T1/lmr/m/n/12 UC41| 
 []


Overfull \hbox (0.5912pt too wide) in paragraph at lines 385--385
 []|\T1/lmr/m/n/12 UC42| 
 []


Overfull \hbox (0.5912pt too wide) in paragraph at lines 392--392
 []|\T1/lmr/m/n/12 UC43| 
 []


Overfull \hbox (0.5912pt too wide) in paragraph at lines 399--399
 []|\T1/lmr/m/n/12 UC44| 
 []


Overfull \hbox (0.5912pt too wide) in paragraph at lines 406--406
 []|\T1/lmr/m/n/12 UC45| 
 []


Underfull \hbox (badness 10000) in paragraph at lines 407--407
[]|\T1/lmr/m/n/12 Review GitHub
 []


Overfull \hbox (0.5912pt too wide) in paragraph at lines 413--413
 []|\T1/lmr/m/n/12 UC46| 
 []


Overfull \hbox (0.5912pt too wide) in paragraph at lines 420--420
 []|\T1/lmr/m/n/12 UC47| 
 []


Underfull \hbox (badness 10000) in paragraph at lines 421--421
[]|\T1/lmr/m/n/12 Recommend Tech-
 []


Overfull \hbox (0.5912pt too wide) in paragraph at lines 427--427
 []|\T1/lmr/m/n/12 UC48| 
 []


Overfull \hbox (0.5912pt too wide) in paragraph at lines 434--434
 []|\T1/lmr/m/n/12 UC49| 
 []


Overfull \hbox (0.5912pt too wide) in paragraph at lines 441--441
 []|\T1/lmr/m/n/12 UC50| 
 []


Overfull \hbox (0.5912pt too wide) in paragraph at lines 448--448
 []|\T1/lmr/m/n/12 UC51| 
 []


Overfull \hbox (0.5912pt too wide) in paragraph at lines 455--455
 []|\T1/lmr/m/n/12 UC52| 
 []


Overfull \hbox (0.5912pt too wide) in paragraph at lines 462--462
 []|\T1/lmr/m/n/12 UC53| 
 []


Overfull \hbox (0.5912pt too wide) in paragraph at lines 469--469
 []|\T1/lmr/m/n/12 UC54| 
 []


Overfull \hbox (0.5912pt too wide) in paragraph at lines 476--476
 []|\T1/lmr/m/n/12 UC55| 
 []


Overfull \hbox (0.5912pt too wide) in paragraph at lines 483--483
 []|\T1/lmr/m/n/12 UC56| 
 []


Overfull \hbox (0.5912pt too wide) in paragraph at lines 490--490
 []|\T1/lmr/m/n/12 UC57| 
 []


Overfull \hbox (0.5912pt too wide) in paragraph at lines 497--497
 []|\T1/lmr/m/n/12 UC58| 
 []


Overfull \hbox (0.5912pt too wide) in paragraph at lines 504--504
 []|\T1/lmr/m/n/12 UC59| 
 []


Overfull \hbox (0.5912pt too wide) in paragraph at lines 511--511
 []|\T1/lmr/m/n/12 UC60| 
 []


Overfull \hbox (0.5912pt too wide) in paragraph at lines 518--518
 []|\T1/lmr/m/n/12 UC61| 
 []


Underfull \hbox (badness 5893) in paragraph at lines 519--519
[]|\T1/lmr/m/n/12 Manage Skill Cat-e-
 []


Overfull \hbox (0.5912pt too wide) in paragraph at lines 525--525
 []|\T1/lmr/m/n/12 UC62| 
 []


Overfull \hbox (0.5912pt too wide) in paragraph at lines 532--532
 []|\T1/lmr/m/n/12 UC63| 
 []


Overfull \hbox (0.5912pt too wide) in paragraph at lines 539--539
 []|\T1/lmr/m/n/12 UC64| 
 []


Underfull \hbox (badness 10000) in paragraph at lines 540--540
[]|\T1/lmr/m/n/12 Manage Job Trend
 []


Overfull \hbox (0.5912pt too wide) in paragraph at lines 546--546
 []|\T1/lmr/m/n/12 UC65| 
 []


Overfull \hbox (0.5912pt too wide) in paragraph at lines 553--553
 []|\T1/lmr/m/n/12 UC66| 
 []


Overfull \hbox (0.5912pt too wide) in paragraph at lines 560--560
 []|\T1/lmr/m/n/12 UC67| 
 []


Overfull \hbox (0.5912pt too wide) in paragraph at lines 567--567
 []|\T1/lmr/m/n/12 UC68| 
 []


Overfull \hbox (0.5912pt too wide) in paragraph at lines 574--574
 []|\T1/lmr/m/n/12 UC69| 
 []


Overfull \hbox (0.5912pt too wide) in paragraph at lines 581--581
 []|\T1/lmr/m/n/12 UC70| 
 []


Overfull \hbox (0.5912pt too wide) in paragraph at lines 588--588
 []|\T1/lmr/m/n/12 UC71| 
 []


Overfull \hbox (0.5912pt too wide) in paragraph at lines 595--595
 []|\T1/lmr/m/n/12 UC72| 
 []


Overfull \hbox (0.5912pt too wide) in paragraph at lines 602--602
 []|\T1/lmr/m/n/12 UC73| 
 []


Underfull \hbox (badness 10000) in paragraph at lines 603--603
[]|\T1/lmr/m/n/12 Analyze GitHub
 []


Overfull \hbox (0.5912pt too wide) in paragraph at lines 609--609
 []|\T1/lmr/m/n/12 UC74| 
 []


Overfull \hbox (0.5912pt too wide) in paragraph at lines 616--616
 []|\T1/lmr/m/n/12 UC75| 
 []


Overfull \hbox (0.5912pt too wide) in paragraph at lines 623--623
 []|\T1/lmr/m/n/12 UC76| 
 []


Overfull \hbox (0.5912pt too wide) in paragraph at lines 630--630
 []|\T1/lmr/m/n/12 UC77| 
 []


Underfull \hbox (badness 10000) in paragraph at lines 631--631
[]|\T1/lmr/m/n/12 Generate Port-fo-lio
 []


Overfull \hbox (0.5912pt too wide) in paragraph at lines 637--637
 []|\T1/lmr/m/n/12 UC78| 
 []


Overfull \hbox (0.5912pt too wide) in paragraph at lines 644--644
 []|\T1/lmr/m/n/12 UC79| 
 []


Overfull \hbox (0.5912pt too wide) in paragraph at lines 651--651
 []|\T1/lmr/m/n/12 UC80| 
 []


Overfull \hbox (0.5912pt too wide) in paragraph at lines 658--658
 []|\T1/lmr/m/n/12 UC81| 
 []


Overfull \hbox (0.5912pt too wide) in paragraph at lines 665--665
 []|\T1/lmr/m/n/12 UC82| 
 []


Overfull \hbox (0.5912pt too wide) in paragraph at lines 672--672
 []|\T1/lmr/m/n/12 UC83| 
 []


Underfull \hbox (badness 10000) in paragraph at lines 673--673
[]|\T1/lmr/m/n/12 Analyze Mar-ket
 []


Overfull \hbox (0.5912pt too wide) in paragraph at lines 679--679
 []|\T1/lmr/m/n/12 UC84| 
 []


Overfull \hbox (49.99992pt too wide) in alignment at lines 96--686
 [] [] [] [] 
 []

[17 <./images/usecase_diagram.png (PNG copy)>] [18] [19] [20]
<images/Administrator_ScreenFlow.png, id=4484, 461.22313pt x 235.37938pt>
File: images/Administrator_ScreenFlow.png Graphic file (type png)
<use images/Administrator_ScreenFlow.png>
Package pdftex.def Info: images/Administrator_ScreenFlow.png  used on input line 698.
(pdftex.def)             Requested size: 441.01773pt x 225.06732pt.
 [21 <./images/Administrator_ScreenFlow.png>]
<images/Student_ScreenFlow.png, id=4491, 411.5375pt x 216.81pt>
File: images/Student_ScreenFlow.png Graphic file (type png)
<use images/Student_ScreenFlow.png>
Package pdftex.def Info: images/Student_ScreenFlow.png  used on input line 709.
(pdftex.def)             Requested size: 441.01773pt x 232.34169pt.
<images/AcademicCounselor_ScreenFlow.png, id=4492, 373.89688pt x 226.34563pt>
File: images/AcademicCounselor_ScreenFlow.png Graphic file (type png)
<use images/AcademicCounselor_ScreenFlow.png>
Package pdftex.def Info: images/AcademicCounselor_ScreenFlow.png  used on input line 718.
(pdftex.def)             Requested size: 441.01773pt x 266.99226pt.
 [22

 <./images/Student_ScreenFlow.png> <./images/AcademicCounselor_ScreenFlow.png>]
<images/IndustryMentor_ScreenFlow.png, id=4499, 370.88562pt x 239.89626pt>
File: images/IndustryMentor_ScreenFlow.png Graphic file (type png)
<use images/IndustryMentor_ScreenFlow.png>
Package pdftex.def Info: images/IndustryMentor_ScreenFlow.png  used on input line 729.
(pdftex.def)             Requested size: 441.01773pt x 285.2641pt.

Overfull \hbox (49.99992pt too wide) in alignment at lines 738--747
 [] [] [] [] 
 []


Overfull \hbox (49.99992pt too wide) in alignment at lines 747--750
 [] [] [] [] 
 []


Underfull \hbox (badness 10000) in paragraph at lines 761--761
[]|\T1/lmr/m/n/12 Administrator
 []


Underfull \hbox (badness 10000) in paragraph at lines 767--767
[]|\T1/lmr/m/n/12 User Man-age-
 []


Underfull \hbox (badness 10000) in paragraph at lines 802--802
[]|\T1/lmr/m/n/12 Career Man-age-
 []


Underfull \hbox (badness 10000) in paragraph at lines 803--803
[]|\T1/lmr/m/n/12 Manage Ca-reer
 []


Underfull \hbox (badness 10000) in paragraph at lines 809--809
[]|\T1/lmr/m/n/12 Skill Man-age-
 []


Underfull \hbox (badness 6204) in paragraph at lines 816--816
[]|\T1/lmr/m/n/12 Course Man-age-
 []


Underfull \hbox (badness 1466) in paragraph at lines 818--820
[]|\T1/lmr/m/n/12 Allows ad-min-is-tra-tors to man-age rec-om-
 []


Underfull \hbox (badness 10000) in paragraph at lines 823--823
[]|\T1/lmr/m/n/12 Learning Re-
 []


Underfull \hbox (badness 10000) in paragraph at lines 824--824
[]|\T1/lmr/m/n/12 Manage Learn-ing
 []


Underfull \hbox (badness 1708) in paragraph at lines 832--834
\T1/lmr/m/n/12 main-tain re-cruit-ment mar-ket in-for-ma-tion
 []


Underfull \hbox (badness 2012) in paragraph at lines 838--838
[]|\T1/lmr/m/n/12 Configure AI En-
 []


Underfull \hbox (badness 4072) in paragraph at lines 860--862
[]|\T1/lmr/m/n/12 Allows ad-min-is-tra-tors to broad-cast an-
 []


Underfull \hbox (badness 10000) in paragraph at lines 886--886
[]|\T1/lmr/m/n/12 Profile Man-age-
 []


Underfull \hbox (badness 1057) in paragraph at lines 888--890
\T1/lmr/m/n/12 board in-clud-ing learn-ing progress, ca-reer
 []


Underfull \hbox (badness 10000) in paragraph at lines 907--907
[]|\T1/lmr/m/n/12 Avatar Man-age-
 []


Underfull \hbox (badness 6188) in paragraph at lines 928--928
[]|\T1/lmr/m/n/12 GitHub In-te-gra-
 []


Underfull \hbox (badness 6188) in paragraph at lines 935--935
[]|\T1/lmr/m/n/12 GitHub In-te-gra-
 []


Underfull \hbox (badness 10000) in paragraph at lines 936--936
[]|\T1/lmr/m/n/12 View GitHub
 []


Underfull \hbox (badness 6188) in paragraph at lines 942--942
[]|\T1/lmr/m/n/12 GitHub In-te-gra-
 []


Underfull \hbox (badness 10000) in paragraph at lines 963--963
[]|\T1/lmr/m/n/12 Learning
 []


Underfull \hbox (badness 10000) in paragraph at lines 970--970
[]|\T1/lmr/m/n/12 Learning
 []


Underfull \hbox (badness 10000) in paragraph at lines 984--984
[]|\T1/lmr/m/n/12 Learning Re-
 []


Underfull \hbox (badness 10000) in paragraph at lines 986--988
[]|\T1/lmr/m/n/12 Displays rec-om-mended books, on-line
 []


Underfull \hbox (badness 10000) in paragraph at lines 986--988
\T1/lmr/m/n/12 courses, doc-u-men-ta-tion and tu-to-ri-als
 []


Underfull \hbox (badness 4403) in paragraph at lines 1014--1016
[]|\T1/lmr/m/n/12 Displays re-cruit-ment statis-tics, re-quired
 []


Underfull \hbox (badness 10000) in paragraph at lines 1034--1034
[]|\T1/lmr/m/n/12 Academic Coun-
 []


Underfull \hbox (badness 3179) in paragraph at lines 1042--1044
\T1/lmr/m/n/12 dents' per-sonal pro-files, aca-demic tran-
 []


Underfull \hbox (badness 10000) in paragraph at lines 1047--1047
[]|\T1/lmr/m/n/12 Transcript Re-
 []


Underfull \hbox (badness 4403) in paragraph at lines 1063--1065
[]|\T1/lmr/m/n/12 Allows Aca-demic Coun-selors to rec-om-
 []


Underfull \hbox (badness 10000) in paragraph at lines 1075--1075
[]|\T1/lmr/m/n/12 Progress Mon-i-
 []


Underfull \hbox (badness 10000) in paragraph at lines 1076--1076
[]|\T1/lmr/m/n/12 Review Learn-ing
 []


Underfull \hbox (badness 10000) in paragraph at lines 1082--1082
[]|\T1/lmr/m/n/12 Learning Feed-
 []


Underfull \hbox (badness 2662) in paragraph at lines 1090--1090
[]|\T1/lmr/m/n/12 Manage Con-sul-ta-
 []


Underfull \hbox (badness 10000) in paragraph at lines 1118--1118
[]|\T1/lmr/m/n/12 Industry Men-tor
 []


Underfull \hbox (badness 4608) in paragraph at lines 1126--1128
[]|\T1/lmr/m/n/12 Allows In-dus-try Men-tors to view stu-
 []


Underfull \hbox (badness 1400) in paragraph at lines 1126--1128
\T1/lmr/m/n/12 dents' e-Portfolios, tech-ni-cal skills, com-
 []


Underfull \hbox (badness 10000) in paragraph at lines 1131--1131
[]|\T1/lmr/m/n/12 Repository Re-
 []


Underfull \hbox (badness 10000) in paragraph at lines 1132--1132
[]|\T1/lmr/m/n/12 Review GitHub
 []


Underfull \hbox (badness 1728) in paragraph at lines 1133--1135
[]|\T1/lmr/m/n/12 Allows In-dus-try Men-tors to re-view stu-
 []


Underfull \hbox (badness 1635) in paragraph at lines 1133--1135
\T1/lmr/m/n/12 dents' GitHub repos-i-to-ries, pro-gram-ming
 []


Underfull \hbox (badness 10000) in paragraph at lines 1138--1138
[]|\T1/lmr/m/n/12 Project Eval-u-a-
 []


Underfull \hbox (badness 3407) in paragraph at lines 1145--1145
[]|\T1/lmr/m/n/12 Technology Rec-
 []


Underfull \hbox (badness 1442) in paragraph at lines 1146--1146
[]|\T1/lmr/m/n/12 Recommend Tech-
 []


Underfull \hbox (badness 2564) in paragraph at lines 1147--1149
[]|\T1/lmr/m/n/12 Allows In-dus-try Men-tors to rec-om-mend
 []


Underfull \hbox (badness 4454) in paragraph at lines 1147--1149
\T1/lmr/m/n/12 mod-ern pro-gram-ming lan-guages, frame-
 []


Underfull \hbox (badness 10000) in paragraph at lines 1152--1152
[]|\T1/lmr/m/n/12 Technical Men-
 []


Underfull \hbox (badness 6893) in paragraph at lines 1153--1153
[]|\T1/lmr/m/n/12 Provide Tech-ni-cal
 []


Underfull \hbox (badness 10000) in paragraph at lines 1166--1166
[]|\T1/lmr/m/n/12 Portfolio Feed-
 []


Underfull \hbox (badness 1342) in paragraph at lines 1180--1180
[]|\T1/lmr/m/n/12 Industry Rec-om-
 []


Underfull \hbox (badness 2564) in paragraph at lines 1182--1184
[]|\T1/lmr/m/n/12 Allows In-dus-try Men-tors to rec-om-mend
 []


Underfull \hbox (badness 3965) in paragraph at lines 1187--1187
[]|\T1/lmr/m/n/12 Mentoring Feed-
 []


Underfull \hbox (badness 10000) in paragraph at lines 1188--1188
[]|\T1/lmr/m/n/12 Send Men-tor-ing
 []


Overfull \hbox (49.99992pt too wide) in alignment at lines 750--1200
 [] [] [] [] 
 []

[23

 <./images/IndustryMentor_ScreenFlow.png>] [24] [25] [26] [27]
Overfull \hbox (2.09346pt too wide) in paragraph at lines 1215--1215
 []|\T1/lmr/bx/n/12 Counselor| 
 []


Underfull \hbox (badness 5490) in paragraph at lines 1243--1243
[]|\T1/lmr/m/n/12 Administrator Dash-
 []


Underfull \hbox (badness 10000) in paragraph at lines 1323--1323
[]|\T1/lmr/m/n/12 Manage Job Trend
 []


Underfull \hbox (badness 10000) in paragraph at lines 1531--1531
[]|\T1/lmr/m/n/12 Academic Coun-selor
 []


Underfull \hbox (badness 10000) in paragraph at lines 1565--1565
[]|\T1/lmr/m/n/12 Recommend Ca-reer
 []


Underfull \hbox (badness 10000) in paragraph at lines 1581--1581
[]|\T1/lmr/m/n/12 Review Learn-ing
 []


Underfull \hbox (badness 10000) in paragraph at lines 1590--1590
[]|\T1/lmr/m/n/12 Comment Learn-ing
 []


Underfull \hbox (badness 10000) in paragraph at lines 1622--1622
[]|\T1/lmr/m/n/12 Industry Men-tor
 []


Underfull \hbox (badness 10000) in paragraph at lines 1640--1640
[]|\T1/lmr/m/n/12 Review GitHub
 []


Underfull \hbox (badness 10000) in paragraph at lines 1658--1658
[]|\T1/lmr/m/n/12 Recommend Tech-
 []

[28] [29]
Overfull \hbox (69.91719pt too wide) in alignment at lines 1719--1728
 [] [] [] [] 
 []


Overfull \hbox (69.91719pt too wide) in alignment at lines 1728--1731
 [] [] [] [] 
 []


Underfull \hbox (badness 10000) in paragraph at lines 1734--1734
[]|\T1/lmr/m/n/12 Analyze Aca-demic
 []


Underfull \hbox (badness 10000) in paragraph at lines 1741--1741
[]|\T1/lmr/m/n/12 Analyze GitHub
 []


Underfull \hbox (badness 10000) in paragraph at lines 1755--1755
[]|\T1/lmr/m/n/12 Generate Per-son-al-
 []


Underfull \hbox (badness 6608) in paragraph at lines 1762--1762
[]|\T1/lmr/m/n/12 Recommend Learn-
 []


Underfull \hbox (badness 10000) in paragraph at lines 1769--1769
[]|\T1/lmr/m/n/12 Generate Port-fo-lio
 []


Underfull \hbox (badness 10000) in paragraph at lines 1771--1773
[]|\T1/lmr/m/n/12 Automatically sum-ma-rizes aca-demic
 []


Underfull \hbox (badness 7256) in paragraph at lines 1776--1776
[]|\T1/lmr/m/n/12 Google Au-then-ti-ca-
 []


Underfull \hbox (badness 1412) in paragraph at lines 1777--1777
[]|\T1/lmr/m/n/12 Google OAuth Ser-
 []


Underfull \hbox (badness 10000) in paragraph at lines 1783--1783
[]|\T1/lmr/m/n/12 Retrieve GitHub
 []


Underfull \hbox (badness 7963) in paragraph at lines 1790--1790
[]|\T1/lmr/m/n/12 Retrieve README
 []


Underfull \hbox (badness 10000) in paragraph at lines 1797--1797
[]|\T1/lmr/m/n/12 Detect Tech-nol-ogy
 []


Underfull \hbox (badness 10000) in paragraph at lines 1811--1811
[]|\T1/lmr/m/n/12 Analyze Mar-ket
 []


Underfull \hbox (badness 2213) in paragraph at lines 1813--1815
[]|\T1/lmr/m/n/12 Analyzes re-cruit-ment de-mand, trend-ing
 []


Underfull \hbox (badness 10000) in paragraph at lines 1818--1818
[]|\T1/lmr/m/n/12 Retrieve Salary
 []


Underfull \hbox (badness 2012) in paragraph at lines 1820--1822
[]|\T1/lmr/m/n/12 Collects salary ranges and em-ploy-ment
 []


Overfull \hbox (69.91719pt too wide) in alignment at lines 1731--1873
 [] [] [] [] 
 []

[30] [31] [32] [33] [34] [35{C:/Program Files/MiKTeX/fonts/enc/dvips/lm/lm-mathsy.enc}] [36] [37] [38] [39] [40]
Overfull \hbox (11.33177pt too wide) in paragraph at lines 2661--2662
[]\T1/lmr/m/n/12 Student logs in $\OMS/lmsy/m/n/12 !$ \T1/lmr/m/n/12 nav-i-gates to \T1/lmr/bx/n/12 "Learn-ing Roadmap" $\OMS/lmsy/m/n/12 !$ \T1/lmr/m/n/12 clicks \T1/lmr/bx/n/12 "Gen-er-ate Roadmap"\T1/lmr/m/n/12 . 
 []

[41] [42] [43]
Overfull \hbox (8.15811pt too wide) in paragraph at lines 2951--2952
[]\T1/lmr/m/n/12 The sys-tem val-i-dates the en-tered in-for-ma-tion and up-dates the learn-ing re-source database. 
 []

[44] [45] [46] [47] [48] [49] [50] [51] [52]
Overfull \hbox (1.6302pt too wide) in paragraph at lines 3497--3498
[]\T1/lmr/m/n/12 The sys-tem val-i-dates all en-tered in-for-ma-tion be-fore sav-ing it into the Semester database.
 []

[53] [54] [55] [56]) (chapters/chapter4.tex [57]
Chapter IV.
<images/System.jpg, id=4696, 1453.43pt x 1090.0725pt>
File: images/System.jpg Graphic file (type jpg)
<use images/System.jpg>
Package pdftex.def Info: images/System.jpg  used on input line 11.
(pdftex.def)             Requested size: 418.96548pt x 314.21675pt.
[58

 <./images/System.jpg>]
Overfull \hbox (11.17682pt too wide) in paragraph at lines 23--24
[]\T1/lmr/bx/n/12 TailwindCSS: \T1/lmr/m/n/12 Sup-ports re-spon-sive and con-sis-tent styling for dash-boards, roadmap
 []

<images/frontend.png, id=4701, 3336.465pt x 3703.8375pt>
File: images/frontend.png Graphic file (type png)
<use images/frontend.png>
Package pdftex.def Info: images/frontend.png  used on input line 30.
(pdftex.def)             Requested size: 418.96548pt x 465.06964pt.
[59]
Overfull \hbox (6.99893pt too wide) in paragraph at lines 42--43
[]\T1/lmr/bx/n/12 MySQL: \T1/lmr/m/n/12 Stores ac-counts, stu-dent pro-files, skill nodes, roadmaps, progress records,
 []

[60 <./images/frontend.png>]
<images/backend.png, id=4711, 5504.565pt x 4040.09375pt>
File: images/backend.png Graphic file (type png)
<use images/backend.png>
Package pdftex.def Info: images/backend.png  used on input line 50.
(pdftex.def)             Requested size: 418.96548pt x 307.49417pt.
 [61 <./images/backend.png>]
LaTeX Font Info:    Trying to load font information for T1+lmtt on input line 88.
 (C:\Program Files\MiKTeX\tex/latex/lm\t1lmtt.fd
File: t1lmtt.fd 2015/05/01 v1.6.1 Font defs for Latin Modern
)
Overfull \hbox (4.33195pt too wide) in paragraph at lines 132--132
[]|\T1/lmtt/m/n/10 src/repositories|  
 []


Overfull \hbox (4.33195pt too wide) in paragraph at lines 140--140
[]|\T1/lmtt/m/n/10 src/integrations|  
 []

[62]
<images/DB Design.jpg, id=4724, 752.8125pt x 516.93124pt>
File: images/DB Design.jpg Graphic file (type jpg)
<use images/DB Design.jpg>
Package pdftex.def Info: images/DB Design.jpg  used on input line 158.
(pdftex.def)             Requested size: 441.01773pt x 302.84132pt.
 [63] [64 <./images/DB Design.jpg>] [65] [66] [67] [68] [69] [70] [71] [72]
LaTeX Font Info:    Font shape `T1/lmtt/bx/n' in size <12> not available
(Font)              Font shape `T1/lmtt/b/n' tried instead on input line 1060.
 [73]
LaTeX Font Info:    External font `lmex10' loaded for size
(Font)              <5> on input line 1075.
 [74] [75] [76] [77] [78] [79] [80] [81] [82] [83] [84] [85] [86] [87] [88] [89] [90]
Overfull \hbox (11.93419pt too wide) in paragraph at lines 1583--1583
 []\T1/lmr/bx/n/8 UpdateContactInforPage 
 []

[91] [92] [93] [94] [95]
Overfull \hbox (0.53891pt too wide) in paragraph at lines 1727--1727
 []\T1/lmr/bx/n/8 UploadTranscriptPage 
 []

[96] [97] [98] [99]
Overfull \hbox (39.24046pt too wide) in paragraph at lines 1821--1822
[]\T1/lmr/bx/n/12 Related ta-ble(s): \T1/lmtt/m/n/12 StudentProfiles, GitHubRepositories, GitHubRepoLanguages\T1/lmr/m/n/12 . 
 []

[100]
Overfull \hbox (6.81805pt too wide) in paragraph at lines 1871--1871
 []\T1/lmr/bx/n/8 GitHubRepositoryRepo 
 []

[101]
Overfull \hbox (39.24046pt too wide) in paragraph at lines 1893--1894
[]\T1/lmr/bx/n/12 Related ta-ble(s): \T1/lmtt/m/n/12 StudentProfiles, GitHubRepositories, GitHubRepoLanguages\T1/lmr/m/n/12 . 
 []

[102] [103]
Overfull \hbox (16.14912pt too wide) in paragraph at lines 1943--1943
 []\T1/lmr/bx/n/8 SyncGitHubRepositoPage 
 []


Overfull \hbox (6.81805pt too wide) in paragraph at lines 1943--1943
 []\T1/lmr/bx/n/8 GitHubRepositoryRepo 
 []

[104]
Overfull \hbox (39.24046pt too wide) in paragraph at lines 1965--1966
[]\T1/lmr/bx/n/12 Related ta-ble(s): \T1/lmtt/m/n/12 StudentProfiles, GitHubRepositories, GitHubRepoLanguages\T1/lmr/m/n/12 . 
 []

[105]
Overfull \hbox (15.60757pt too wide) in paragraph at lines 2015--2015
 []\T1/lmr/bx/n/8 ViewGitHubAnalysisPage 
 []


Overfull \hbox (6.81805pt too wide) in paragraph at lines 2015--2015
 []\T1/lmr/bx/n/8 GitHubRepositoryRepo 
 []

[106] [107] [108]
Overfull \hbox (13.89246pt too wide) in paragraph at lines 2087--2087
 []\T1/lmr/bx/n/8 ViewSkillGapReportPage 
 []

[109] [110]
Overfull \hbox (19.13377pt too wide) in paragraph at lines 2132--2133
[]\T1/lmr/m/n/12 The ser-vice cre-ates, up-dates, reads, or deletes records in \T1/lmtt/m/n/12 CareerPaths, SkillNodes,
 []

[111]
Overfull \hbox (0.98288pt too wide) in paragraph at lines 2163--2163
 []\T1/lmr/bx/n/8 CareerPathRepository 
 []

[112]
Overfull \hbox (19.13377pt too wide) in paragraph at lines 2204--2205
[]\T1/lmr/m/n/12 The ser-vice cre-ates, up-dates, reads, or deletes records in \T1/lmtt/m/n/12 CareerPaths, SkillNodes,
 []

[113]
Overfull \hbox (5.98439pt too wide) in paragraph at lines 2235--2235
 []\T1/lmr/bx/n/8 UpdateCareerGoalPage 
 []


Overfull \hbox (0.98288pt too wide) in paragraph at lines 2235--2235
 []\T1/lmr/bx/n/8 CareerPathRepository 
 []

[114] [115]
Overfull \hbox (19.13377pt too wide) in paragraph at lines 2276--2277
[]\T1/lmr/m/n/12 The ser-vice cre-ates, up-dates, reads, or deletes records in \T1/lmtt/m/n/12 CareerPaths, SkillNodes,
 []


Overfull \hbox (24.5709pt too wide) in paragraph at lines 2307--2307
 []\T1/lmr/bx/n/8 ViewRecommendedRolPage 
 []


Overfull \hbox (0.98288pt too wide) in paragraph at lines 2307--2307
 []\T1/lmr/bx/n/8 CareerPathRepository 
 []

[116] [117]
Overfull \hbox (19.13377pt too wide) in paragraph at lines 2348--2349
[]\T1/lmr/m/n/12 The ser-vice cre-ates, up-dates, reads, or deletes records in \T1/lmtt/m/n/12 CareerPaths, SkillNodes,
 []

[118]
Overfull \hbox (17.35638pt too wide) in paragraph at lines 2379--2379
 []\T1/lmr/bx/n/8 CompareCareerPathsPage 
 []


Overfull \hbox (0.98288pt too wide) in paragraph at lines 2379--2379
 []\T1/lmr/bx/n/8 CareerPathRepository 
 []

[119] [120]
Overfull \hbox (19.13377pt too wide) in paragraph at lines 2420--2421
[]\T1/lmr/m/n/12 The ser-vice cre-ates, up-dates, reads, or deletes records in \T1/lmtt/m/n/12 CareerPaths, SkillNodes,
 []


Overfull \hbox (8.69746pt too wide) in paragraph at lines 2451--2451
 []\T1/lmr/bx/n/8 ViewRequiredSkillsPage 
 []


Overfull \hbox (0.98288pt too wide) in paragraph at lines 2451--2451
 []\T1/lmr/bx/n/8 CareerPathRepository 
 []

[121] [122]
Overfull \hbox (31.48378pt too wide) in paragraph at lines 2496--2497
[]\T1/lmr/m/n/12 The ser-vice cre-ates, up-dates, reads, or deletes records in \T1/lmtt/m/n/12 Roadmaps, RoadmapProgress,
 []

[123]
Overfull \hbox (14.39517pt too wide) in paragraph at lines 2527--2527
 []\T1/lmr/bx/n/8 GenerateLearningRoPage 
 []

[124] [125]
Overfull \hbox (31.48378pt too wide) in paragraph at lines 2568--2569
[]\T1/lmr/m/n/12 The ser-vice cre-ates, up-dates, reads, or deletes records in \T1/lmtt/m/n/12 Roadmaps, RoadmapProgress,
 []


Overfull \hbox (19.96843pt too wide) in paragraph at lines 2599--2599
 []\T1/lmr/bx/n/8 ViewLearningRoadmaPage 
 []

[126] [127]
Overfull \hbox (31.48378pt too wide) in paragraph at lines 2640--2641
[]\T1/lmr/m/n/12 The ser-vice cre-ates, up-dates, reads, or deletes records in \T1/lmtt/m/n/12 Roadmaps, RoadmapProgress,
 []

[128]
Overfull \hbox (22.37065pt too wide) in paragraph at lines 2671--2671
 []\T1/lmr/bx/n/8 UpdateRoadmapProgrPage 
 []

[129] [130]
Overfull \hbox (31.48378pt too wide) in paragraph at lines 2712--2713
[]\T1/lmr/m/n/12 The ser-vice cre-ates, up-dates, reads, or deletes records in \T1/lmtt/m/n/12 Roadmaps, RoadmapProgress,
 []


Overfull \hbox (13.6794pt too wide) in paragraph at lines 2743--2743
 []\T1/lmr/bx/n/8 ViewLearningProgrePage 
 []

[131] [132]
Overfull \hbox (31.48378pt too wide) in paragraph at lines 2784--2785
[]\T1/lmr/m/n/12 The ser-vice cre-ates, up-dates, reads, or deletes records in \T1/lmtt/m/n/12 Roadmaps, RoadmapProgress,
 []

[133]
Overfull \hbox (15.68452pt too wide) in paragraph at lines 2815--2815
 []\T1/lmr/bx/n/8 ReceiveLearningRemPage 
 []

[134] [135]
Overfull \hbox (11.79161pt too wide) in paragraph at lines 2887--2887
 []\T1/lmr/bx/n/8 SearchLearningResoPage 
 []


Overfull \hbox (3.71875pt too wide) in paragraph at lines 2887--2887
 []\T1/lmr/bx/n/8 LearningResourceRepo 
 []

[136] [137] [138]
Overfull \hbox (27.04916pt too wide) in paragraph at lines 2959--2959
 []\T1/lmr/bx/n/8 ViewRecommendedCouPage 
 []


Overfull \hbox (3.71875pt too wide) in paragraph at lines 2959--2959
 []\T1/lmr/bx/n/8 LearningResourceRepo 
 []

[139] [140]
Overfull \hbox (9.09744pt too wide) in paragraph at lines 3031--3031
 []\T1/lmr/bx/n/8 SaveFavoriteCoursePage 
 []


Overfull \hbox (3.71875pt too wide) in paragraph at lines 3031--3031
 []\T1/lmr/bx/n/8 LearningResourceRepo 
 []

[141] [142] [143]
Overfull \hbox (9.74939pt too wide) in paragraph at lines 3103--3103
 []\T1/lmr/bx/n/8 RegisterExternalCoPage 
 []


Overfull \hbox (3.71875pt too wide) in paragraph at lines 3103--3103
 []\T1/lmr/bx/n/8 LearningResourceRepo 
 []

[144] [145]
Overfull \hbox (15.75627pt too wide) in paragraph at lines 3175--3175
 []\T1/lmr/bx/n/8 TrackCourseCompletPage 
 []


Overfull \hbox (3.71875pt too wide) in paragraph at lines 3175--3175
 []\T1/lmr/bx/n/8 LearningResourceRepo 
 []

[146] [147]
Overfull \hbox (6.78377pt too wide) in paragraph at lines 3220--3221
[]\T1/lmr/m/n/12 The ser-vice cre-ates, up-dates, reads, or deletes records in \T1/lmtt/m/n/12 JobTrends, CareerPaths
 []

[148]
Overfull \hbox (7.49478pt too wide) in paragraph at lines 3251--3251
 []\T1/lmr/bx/n/8 ViewMarketTrendsPage 
 []


Overfull \hbox (5.29236pt too wide) in paragraph at lines 3251--3251
 []\T1/lmr/bx/n/8 MarketTrendController 
 []

[149] [150]
Overfull \hbox (6.78377pt too wide) in paragraph at lines 3292--3293
[]\T1/lmr/m/n/12 The ser-vice cre-ates, up-dates, reads, or deletes records in \T1/lmtt/m/n/12 JobTrends, CareerPaths
 []


Overfull \hbox (13.81166pt too wide) in paragraph at lines 3323--3323
 []\T1/lmr/bx/n/8 SearchJobOpportuniPage 
 []


Overfull \hbox (5.29236pt too wide) in paragraph at lines 3323--3323
 []\T1/lmr/bx/n/8 MarketTrendController 
 []

[151] [152]
Overfull \hbox (6.78377pt too wide) in paragraph at lines 3364--3365
[]\T1/lmr/m/n/12 The ser-vice cre-ates, up-dates, reads, or deletes records in \T1/lmtt/m/n/12 JobTrends, CareerPaths
 []

[153]
Overfull \hbox (11.63503pt too wide) in paragraph at lines 3395--3395
 []\T1/lmr/bx/n/8 ViewSalaryInformatPage 
 []


Overfull \hbox (5.29236pt too wide) in paragraph at lines 3395--3395
 []\T1/lmr/bx/n/8 MarketTrendController 
 []

[154] [155]
Overfull \hbox (6.78377pt too wide) in paragraph at lines 3436--3437
[]\T1/lmr/m/n/12 The ser-vice cre-ates, up-dates, reads, or deletes records in \T1/lmtt/m/n/12 JobTrends, CareerPaths
 []


Overfull \hbox (14.95467pt too wide) in paragraph at lines 3467--3467
 []\T1/lmr/bx/n/8 ViewTechnologyTrenPage 
 []


Overfull \hbox (5.29236pt too wide) in paragraph at lines 3467--3467
 []\T1/lmr/bx/n/8 MarketTrendController 
 []

[156] [157]
Overfull \hbox (6.78377pt too wide) in paragraph at lines 3508--3509
[]\T1/lmr/m/n/12 The ser-vice cre-ates, up-dates, reads, or deletes records in \T1/lmtt/m/n/12 JobTrends, CareerPaths
 []

[158]
Overfull \hbox (20.74277pt too wide) in paragraph at lines 3539--3539
 []\T1/lmr/bx/n/8 ReceiveJobRecommenPage 
 []


Overfull \hbox (5.29236pt too wide) in paragraph at lines 3539--3539
 []\T1/lmr/bx/n/8 MarketTrendController 
 []

[159] [160] [161]
Overfull \hbox (7.873pt too wide) in paragraph at lines 3615--3615
 []\T1/lmr/bx/n/8 ChatwithAIMentorPage 
 []

[162] [163]
Overfull \hbox (12.48697pt too wide) in paragraph at lines 3687--3687
 []\T1/lmr/bx/n/8 AskCareerQuestionsPage 
 []

[164] [165]
Overfull \hbox (8.28447pt too wide) in paragraph at lines 3759--3759
 []\T1/lmr/bx/n/8 ReceiveAIFeedbackPage 
 []

[166] [167]
Overfull \hbox (20.71545pt too wide) in paragraph at lines 3785--3786
[]\T1/lmr/bx/n/12 Related ta-ble(s): \T1/lmtt/m/n/12 Portfolios, GitHubRepositories, ConsultationFeedbacks\T1/lmr/m/n/12 . 
 []


Overfull \hbox (62.3588pt too wide) in paragraph at lines 3804--3805
[]\T1/lmr/m/n/12 The ser-vice cre-ates, up-dates, reads, or deletes records in \T1/lmtt/m/n/12 Portfolios, GitHubRepositories,
 []

[168]
Overfull \hbox (8.31418pt too wide) in paragraph at lines 3835--3835
 []\T1/lmr/bx/n/8 GenerateEPortfolioPage 
 []

[169]
Overfull \hbox (20.71545pt too wide) in paragraph at lines 3857--3858
[]\T1/lmr/bx/n/12 Related ta-ble(s): \T1/lmtt/m/n/12 Portfolios, GitHubRepositories, ConsultationFeedbacks\T1/lmr/m/n/12 . 
 []

[170]
Overfull \hbox (62.3588pt too wide) in paragraph at lines 3876--3877
[]\T1/lmr/m/n/12 The ser-vice cre-ates, up-dates, reads, or deletes records in \T1/lmtt/m/n/12 Portfolios, GitHubRepositories,
 []

[171] [172] [173] [174]
Overfull \hbox (51.59047pt too wide) in paragraph at lines 4009--4010
[]\T1/lmr/bx/n/12 Related ta-ble(s): \T1/lmtt/m/n/12 ConsultationSessions, ConsultationFeedbacks, StaffProfiles\T1/lmr/m/n/12 . 
 []

[175]
Overfull \hbox (0.60876pt too wide) in paragraph at lines 4028--4029
[]\T1/lmr/m/n/12 The ser-vice cre-ates, up-dates, reads, or deletes records in \T1/lmtt/m/n/12 ConsultationSessions,
 []

[176]
Overfull \hbox (8.8207pt too wide) in paragraph at lines 4059--4059
 []\T1/lmr/bx/n/8 ViewStudentProfilePage 
 []


Overfull \hbox (3.48555pt too wide) in paragraph at lines 4059--4059
 []\T1/lmr/bx/n/8 ConsultationController 
 []


Overfull \hbox (12.75006pt too wide) in paragraph at lines 4059--4059
 []\T1/lmr/bx/n/8 ConsultationSessionRepo 
 []

[177]
Overfull \hbox (51.59047pt too wide) in paragraph at lines 4081--4082
[]\T1/lmr/bx/n/12 Related ta-ble(s): \T1/lmtt/m/n/12 ConsultationSessions, ConsultationFeedbacks, StaffProfiles\T1/lmr/m/n/12 . 
 []


Overfull \hbox (0.60876pt too wide) in paragraph at lines 4100--4101
[]\T1/lmr/m/n/12 The ser-vice cre-ates, up-dates, reads, or deletes records in \T1/lmtt/m/n/12 ConsultationSessions,
 []

[178]
Overfull \hbox (3.48555pt too wide) in paragraph at lines 4131--4131
 []\T1/lmr/bx/n/8 ConsultationController 
 []


Overfull \hbox (12.75006pt too wide) in paragraph at lines 4131--4131
 []\T1/lmr/bx/n/8 ConsultationSessionRepo 
 []

[179]
Overfull \hbox (51.59047pt too wide) in paragraph at lines 4153--4154
[]\T1/lmr/bx/n/12 Related ta-ble(s): \T1/lmtt/m/n/12 ConsultationSessions, ConsultationFeedbacks, StaffProfiles\T1/lmr/m/n/12 . 
 []

[180]
Overfull \hbox (0.60876pt too wide) in paragraph at lines 4172--4173
[]\T1/lmr/m/n/12 The ser-vice cre-ates, up-dates, reads, or deletes records in \T1/lmtt/m/n/12 ConsultationSessions,
 []


Overfull \hbox (21.93222pt too wide) in paragraph at lines 4203--4203
 []\T1/lmr/bx/n/8 RecommendCareerPatPage 
 []


Overfull \hbox (3.48555pt too wide) in paragraph at lines 4203--4203
 []\T1/lmr/bx/n/8 ConsultationController 
 []


Overfull \hbox (12.75006pt too wide) in paragraph at lines 4203--4203
 []\T1/lmr/bx/n/8 ConsultationSessionRepo 
 []

[181]
Overfull \hbox (51.59047pt too wide) in paragraph at lines 4225--4226
[]\T1/lmr/bx/n/12 Related ta-ble(s): \T1/lmtt/m/n/12 ConsultationSessions, ConsultationFeedbacks, StaffProfiles\T1/lmr/m/n/12 . 
 []

[182]
Overfull \hbox (0.60876pt too wide) in paragraph at lines 4244--4245
[]\T1/lmr/m/n/12 The ser-vice cre-ates, up-dates, reads, or deletes records in \T1/lmtt/m/n/12 ConsultationSessions,
 []

[183]
Overfull \hbox (11.71873pt too wide) in paragraph at lines 4275--4275
 []\T1/lmr/bx/n/8 RecommendCoursesPage 
 []


Overfull \hbox (3.48555pt too wide) in paragraph at lines 4275--4275
 []\T1/lmr/bx/n/8 ConsultationController 
 []


Overfull \hbox (12.75006pt too wide) in paragraph at lines 4275--4275
 []\T1/lmr/bx/n/8 ConsultationSessionRepo 
 []

[184]
Overfull \hbox (51.59047pt too wide) in paragraph at lines 4297--4298
[]\T1/lmr/bx/n/12 Related ta-ble(s): \T1/lmtt/m/n/12 ConsultationSessions, ConsultationFeedbacks, StaffProfiles\T1/lmr/m/n/12 . 
 []

[185]
Overfull \hbox (0.60876pt too wide) in paragraph at lines 4316--4317
[]\T1/lmr/m/n/12 The ser-vice cre-ates, up-dates, reads, or deletes records in \T1/lmtt/m/n/12 ConsultationSessions,
 []


Overfull \hbox (12.00665pt too wide) in paragraph at lines 4347--4347
 []\T1/lmr/bx/n/8 TrackStudentProgrePage 
 []


Overfull \hbox (3.48555pt too wide) in paragraph at lines 4347--4347
 []\T1/lmr/bx/n/8 ConsultationController 
 []


Overfull \hbox (12.75006pt too wide) in paragraph at lines 4347--4347
 []\T1/lmr/bx